SF:lib/src/features/authentication/data/dto/create_password/create_password_request_dto.dart
DA:10,2
DA:14,0
DA:15,0
DA:17,0
LF:4
LH:1
end_of_record
SF:lib/src/features/authentication/data/dto/create_password/create_password_request_dto.g.dart
DA:9,0
DA:11,0
DA:12,0
DA:13,0
DA:16,0
DA:18,0
DA:19,0
DA:20,0
LF:8
LH:0
end_of_record
SF:lib/src/features/authentication/data/dto/otp/otp_request_dto.dart
DA:12,2
DA:18,0
DA:19,0
DA:21,0
LF:4
LH:1
end_of_record
SF:lib/src/features/authentication/data/dto/otp/otp_request_dto.g.dart
DA:9,0
DA:10,0
DA:11,0
DA:12,0
DA:13,0
DA:16,0
DA:17,0
DA:18,0
DA:19,0
DA:20,0
LF:10
LH:0
end_of_record
SF:lib/src/features/authentication/data/dto/sign_up/sign_up_request_dto.dart
DA:16,2
DA:26,1
DA:27,1
DA:31,1
DA:38,0
DA:47,0
DA:48,0
DA:49,0
DA:50,0
DA:51,0
DA:52,0
DA:53,0
DA:54,0
DA:58,0
DA:59,0
DA:61,0
DA:62,0
DA:63,0
DA:64,0
DA:65,0
DA:66,0
DA:67,0
DA:68,0
DA:69,0
LF:24
LH:4
end_of_record
SF:lib/src/features/authentication/data/dto/sign_up/sign_up_request_dto.g.dart
DA:9,0
DA:10,0
DA:11,0
DA:12,0
DA:13,0
DA:14,0
DA:15,0
DA:16,0
DA:17,0
DA:20,0
DA:21,0
DA:22,0
DA:23,0
DA:24,0
DA:25,0
DA:26,0
DA:27,0
DA:28,0
LF:18
LH:0
end_of_record
SF:lib/src/features/authentication/domain/usecases/create_password_usecase.dart
DA:11,1
DA:12,1
DA:14,2
LF:3
LH:3
end_of_record
SF:lib/src/features/authentication/domain/usecases/signup_usecase.dart
DA:10,1
DA:11,1
DA:13,2
LF:3
LH:3
end_of_record
SF:lib/src/features/authentication/domain/usecases/verify_otp_usecase.dart
DA:10,1
DA:11,1
DA:13,2
LF:3
LH:3
end_of_record
SF:lib/src/features/authentication/presentation/viewmodels/bloc/sign_up_state.dart
DA:4,8
DA:10,0
DA:12,0
DA:13,0
DA:22,1
DA:27,0
DA:31,7
DA:35,7
DA:40,1
DA:45,0
DA:49,7
DA:54,1
DA:59,0
LF:13
LH:7
end_of_record
SF:lib/src/features/authentication/presentation/viewmodels/bloc/sign_up_event.dart
DA:4,1
DA:6,0
DA:7,0
DA:13,1
DA:14,0
DA:15,0
DA:21,1
DA:22,0
DA:23,0
DA:29,1
DA:30,0
DA:31,0
DA:37,0
DA:38,0
DA:39,0
DA:40,0
DA:44,0
DA:45,0
DA:52,0
LF:19
LH:4
end_of_record
SF:lib/src/features/authentication/presentation/viewmodels/bloc/sign_up_bloc.dart
DA:20,1
DA:24,2
DA:25,2
DA:26,1
DA:27,1
DA:29,1
DA:30,0
DA:32,1
DA:33,0
DA:35,1
DA:36,1
DA:38,1
DA:39,1
DA:44,1
DA:45,1
DA:46,3
DA:47,1
DA:48,0
DA:49,3
DA:53,0
DA:54,0
DA:57,1
DA:58,1
DA:59,3
DA:60,1
DA:61,0
DA:62,3
DA:66,1
DA:68,1
DA:69,3
DA:70,1
DA:71,0
DA:72,3
DA:76,0
DA:78,0
DA:79,0
DA:80,0
DA:81,0
DA:82,0
DA:83,0
DA:84,0
DA:85,0
DA:86,0
DA:87,0
DA:88,0
DA:89,0
DA:90,0
DA:91,0
DA:92,0
DA:93,0
DA:94,0
DA:95,0
DA:96,0
DA:97,0
DA:98,0
DA:99,0
DA:101,0
DA:103,0
LF:58
LH:26
end_of_record
SF:lib/src/core/error/failure.dart
DA:7,49
DA:9,0
DA:10,0
DA:14,0
LF:4
LH:1
end_of_record
SF:lib/src/config/app_routes/app_routes.dart
DA:2,0
LF:1
LH:0
end_of_record
SF:lib/src/features/authentication/data/dto/sign_in/sign_in_request_dto.dart
DA:11,2
DA:16,0
DA:19,0
DA:20,0
DA:22,0
DA:23,0
DA:25,0
LF:7
LH:1
end_of_record
SF:lib/src/features/authentication/data/dto/sign_in/sign_in_request_dto.g.dart
DA:9,0
DA:10,0
DA:11,0
DA:12,0
DA:15,0
DA:16,0
DA:17,0
DA:18,0
LF:8
LH:0
end_of_record
SF:lib/src/core/domain/entities/user.dart
DA:22,37
DA:40,37
DA:41,37
DA:49,37
DA:56,37
DA:59,3
DA:76,3
DA:77,3
DA:78,0
DA:79,2
DA:80,1
DA:81,1
DA:82,3
DA:83,1
DA:84,3
DA:85,1
DA:86,3
DA:87,3
DA:88,3
DA:89,3
DA:90,3
DA:91,3
DA:95,0
DA:96,0
DA:97,0
DA:98,0
DA:99,0
DA:100,0
DA:101,0
DA:102,0
DA:103,0
DA:104,0
DA:105,0
DA:106,0
DA:107,0
DA:108,0
DA:109,0
DA:110,0
DA:111,0
DA:112,0
DA:113,0
DA:114,0
DA:115,0
DA:116,0
DA:117,0
DA:120,0
DA:121,0
DA:122,0
DA:123,0
DA:124,0
DA:125,0
DA:126,0
DA:127,0
DA:128,0
DA:129,0
DA:130,0
DA:131,0
DA:132,0
DA:133,0
DA:134,0
DA:135,0
DA:139,0
DA:140,0
LF:63
LH:21
end_of_record
SF:lib/src/features/profile/domain/entities/skill.dart
DA:7,57
DA:9,2
DA:12,0
DA:13,0
DA:16,0
DA:17,0
DA:18,0
DA:19,0
DA:22,0
DA:23,0
DA:26,0
DA:27,0
LF:12
LH:2
end_of_record
SF:lib/src/core/models/remote/user_api_model.dart
DA:28,2
DA:46,0
DA:47,0
DA:48,0
DA:49,0
DA:50,0
DA:51,0
DA:52,0
DA:53,0
DA:54,0
DA:55,0
DA:56,0
DA:57,0
DA:58,0
DA:59,0
DA:60,0
DA:61,0
DA:62,0
DA:63,0
DA:64,0
DA:65,0
DA:66,0
DA:67,0
DA:68,0
DA:69,0
DA:73,0
DA:74,0
DA:75,0
DA:76,0
DA:77,0
DA:78,0
DA:79,0
DA:80,0
DA:81,0
DA:82,0
DA:83,0
DA:84,0
DA:85,0
DA:86,0
DA:87,0
DA:88,0
DA:92,0
DA:93,0
DA:94,0
DA:95,0
DA:99,0
DA:100,0
DA:108,0
DA:115,0
DA:118,0
DA:135,0
DA:136,0
DA:137,0
DA:138,0
DA:139,0
DA:140,0
DA:141,0
DA:142,0
DA:143,0
DA:144,0
DA:145,0
DA:146,0
DA:147,0
DA:148,0
DA:149,0
DA:150,0
DA:154,0
DA:155,0
LF:68
LH:1
end_of_record
SF:lib/src/core/models/remote/user_api_model.g.dart
DA:9,0
DA:10,0
DA:11,0
DA:12,0
DA:13,0
DA:14,0
DA:15,0
DA:16,0
DA:17,0
DA:18,0
DA:19,0
DA:20,0
DA:21,0
DA:22,0
DA:23,0
DA:24,0
DA:25,0
DA:26,0
DA:28,0
DA:31,0
DA:32,0
DA:33,0
DA:34,0
DA:35,0
DA:36,0
DA:37,0
DA:38,0
DA:39,0
DA:40,0
DA:41,0
DA:42,0
DA:43,0
DA:44,0
DA:45,0
DA:46,0
DA:47,0
LF:36
LH:0
end_of_record
SF:lib/src/features/profile/data/models/remote/skill_api_model.dart
DA:10,0
DA:12,0
DA:13,0
DA:14,0
DA:15,0
DA:18,0
DA:19,0
DA:22,0
DA:23,0
LF:9
LH:0
end_of_record
SF:lib/src/core/utils/enum_mapper.dart
DA:4,0
DA:6,0
DA:8,0
DA:10,0
DA:12,0
DA:14,0
DA:16,0
DA:21,0
DA:23,0
DA:25,0
DA:27,0
DA:29,0
DA:31,0
DA:33,0
DA:36,0
DA:42,0
DA:44,0
DA:46,0
DA:48,0
DA:53,0
DA:55,0
DA:57,0
DA:59,0
DA:62,0
DA:68,0
DA:70,0
DA:72,0
DA:74,0
DA:79,0
DA:81,0
DA:83,0
DA:85,0
DA:88,0
LF:33
LH:0
end_of_record
SF:lib/src/features/jobs/domain/entities/applicants.dart
DA:12,3
DA:18,3
DA:19,3
DA:20,3
DA:21,3
DA:23,3
DA:27,0
DA:33,0
DA:34,0
DA:35,0
DA:36,0
DA:37,0
DA:41,0
DA:42,0
LF:14
LH:6
end_of_record
SF:lib/src/features/jobs/domain/entities/salary.dart
DA:7,57
DA:9,0
DA:10,0
DA:12,22
DA:19,0
DA:23,0
DA:24,0
DA:25,0
DA:29,0
DA:30,0
DA:31,0
DA:32,0
DA:35,0
DA:36,0
DA:37,0
DA:38,0
LF:16
LH:2
end_of_record
SF:lib/src/features/profile/data/models/remote/reviews_api_model.dart
DA:15,2
DA:23,0
DA:24,0
DA:25,0
DA:26,0
DA:27,0
DA:28,0
DA:29,0
DA:30,0
DA:31,0
DA:32,0
DA:33,0
DA:37,0
DA:38,0
DA:39,0
DA:40,0
DA:41,0
DA:42,0
DA:43,0
DA:47,0
DA:48,0
DA:50,0
DA:51,0
DA:57,0
DA:64,0
DA:65,0
DA:66,0
DA:67,0
DA:68,0
DA:69,0
DA:73,0
DA:74,0
LF:32
LH:1
end_of_record
SF:lib/src/features/profile/domain/entities/reviews.dart
DA:12,6
DA:20,0
DA:21,0
DA:23,6
DA:24,6
DA:25,6
DA:26,6
DA:27,6
DA:33,0
DA:40,0
DA:41,0
DA:42,0
DA:43,0
DA:44,0
DA:45,0
LF:15
LH:6
end_of_record
SF:lib/src/features/project/data/dto/add_review/add_review_req_dto.dart
DA:11,2
DA:15,0
DA:16,0
DA:18,0
LF:4
LH:1
end_of_record
SF:lib/src/features/project/data/dto/add_review/add_review_req_dto.g.dart
DA:9,0
DA:10,0
DA:11,0
DA:12,0
DA:13,0
DA:14,0
DA:17,0
DA:18,0
DA:19,0
DA:20,0
LF:10
LH:0
end_of_record
SF:lib/src/features/project/data/dto/apply_project/apply_project_req_dto.dart
DA:10,2
DA:12,0
DA:13,0
DA:15,0
LF:4
LH:1
end_of_record
SF:lib/src/features/project/data/dto/apply_project/apply_project_req_dto.g.dart
DA:9,0
DA:10,0
DA:11,0
DA:12,0
DA:15,0
DA:16,0
DA:17,0
DA:18,0
LF:8
LH:0
end_of_record
SF:lib/src/features/project/data/dto/complete_project/complete_project_req_dto.dart
DA:10,2
DA:15,0
DA:16,0
DA:17,0
DA:19,0
DA:22,0
DA:23,0
DA:24,0
DA:25,0
LF:9
LH:1
end_of_record
SF:lib/src/features/project/data/dto/create_project/create_project_req_dto.dart
DA:20,2
DA:32,0
DA:33,0
DA:35,0
LF:4
LH:1
end_of_record
SF:lib/src/features/project/data/dto/create_project/create_project_req_dto.g.dart
DA:9,0
DA:10,0
DA:11,0
DA:12,0
DA:13,0
DA:14,0
DA:15,0
DA:16,0
DA:18,0
DA:19,0
DA:20,0
DA:21,0
DA:24,0
DA:26,0
DA:27,0
DA:28,0
DA:29,0
DA:30,0
DA:31,0
DA:32,0
DA:33,0
DA:34,0
DA:35,0
DA:36,0
LF:24
LH:0
end_of_record
SF:lib/src/features/project/domain/entities/durations.dart
DA:7,14
DA:9,14
DA:10,14
DA:13,0
DA:17,0
DA:18,0
DA:19,0
DA:23,0
DA:24,0
DA:25,0
DA:26,0
DA:30,0
DA:31,0
DA:32,0
DA:33,0
DA:37,0
DA:38,0
LF:17
LH:3
end_of_record
SF:lib/src/features/project/data/dto/create_task/create_task_req_dto.dart
DA:13,2
DA:20,0
DA:21,0
DA:23,0
LF:4
LH:1
end_of_record
SF:lib/src/features/project/data/dto/create_task/create_task_req_dto.g.dart
DA:9,0
DA:10,0
DA:11,0
DA:12,0
DA:13,0
DA:14,0
DA:16,0
DA:19,0
DA:20,0
DA:21,0
DA:22,0
DA:23,0
DA:24,0
DA:25,0
LF:14
LH:0
end_of_record
SF:lib/src/features/project/data/dto/hire_user/hire_user_req_dto.dart
DA:10,3
DA:12,0
DA:13,0
DA:15,0
LF:4
LH:1
end_of_record
SF:lib/src/features/project/data/dto/hire_user/hire_user_req_dto.g.dart
DA:9,0
DA:10,0
DA:11,0
DA:12,0
DA:15,0
DA:16,0
DA:17,0
DA:18,0
LF:8
LH:0
end_of_record
SF:lib/src/features/project/domain/entities/project.dart
DA:37,14
DA:62,14
DA:63,14
DA:64,14
DA:68,14
DA:74,14
DA:75,14
DA:85,14
DA:86,14
DA:89,0
DA:115,0
DA:116,0
DA:117,0
DA:118,0
DA:119,0
DA:120,0
DA:121,0
DA:122,0
DA:123,0
DA:124,0
DA:125,0
DA:126,0
DA:127,0
DA:128,0
DA:129,0
DA:130,0
DA:131,0
DA:132,0
DA:133,0
DA:134,0
DA:135,0
DA:136,0
DA:137,0
DA:138,0
DA:142,0
DA:144,0
DA:145,0
DA:146,0
DA:147,0
DA:148,0
DA:149,0
DA:150,0
DA:151,0
DA:152,0
DA:153,0
DA:154,0
DA:155,0
DA:156,0
DA:157,0
DA:158,0
DA:159,0
DA:160,0
LF:52
LH:9
end_of_record
SF:lib/src/features/project/domain/entities/tasks.dart
DA:17,3
DA:29,3
DA:30,3
DA:31,3
DA:34,3
DA:36,3
DA:37,3
DA:43,0
DA:54,0
DA:55,0
DA:56,0
DA:57,0
DA:58,0
DA:59,0
DA:60,0
DA:61,0
DA:62,0
DA:63,0
DA:67,0
DA:69,0
DA:70,0
DA:71,0
DA:72,0
DA:73,0
DA:74,0
DA:75,0
DA:76,0
DA:77,0
DA:78,0
LF:29
LH:7
end_of_record
SF:lib/src/features/project/domain/usecases/complete_task_usecase.dart
DA:12,1
DA:14,1
DA:16,2
DA:24,2
DA:26,0
DA:27,0
LF:6
LH:4
end_of_record
SF:lib/src/features/project/domain/usecases/create_project_usecase.dart
DA:12,1
DA:14,1
DA:16,2
LF:3
LH:3
end_of_record
SF:lib/src/features/chat/data/dto/send_message_request_dto.dart
DA:9,2
DA:15,0
DA:16,0
DA:17,0
DA:18,0
DA:19,0
DA:23,0
DA:24,0
DA:25,0
DA:26,0
DA:27,0
DA:31,0
DA:33,0
DA:34,0
DA:35,0
DA:37,0
DA:38,0
LF:17
LH:1
end_of_record
SF:lib/src/features/chat/domain/entities/conversation.dart
DA:10,22
DA:16,4
DA:24,0
DA:29,0
DA:30,0
DA:31,0
DA:32,0
DA:36,0
DA:37,0
LF:9
LH:2
end_of_record
SF:lib/src/features/chat/domain/entities/message.dart
DA:10,3
DA:17,3
DA:18,3
DA:21,3
DA:22,3
DA:26,0
DA:32,0
DA:33,0
DA:34,0
DA:35,0
DA:36,0
DA:40,0
DA:41,0
LF:13
LH:5
end_of_record
SF:lib/src/features/chat/domain/usecases/get_all_conversation_usecase.dart
DA:11,1
DA:13,1
DA:15,2
LF:3
LH:3
end_of_record
SF:lib/src/features/chat/domain/usecases/get_conversation_usecase.dart
DA:11,1
DA:13,1
DA:15,2
LF:3
LH:3
end_of_record
SF:lib/src/features/chat/domain/usecases/get_messages_from_conversation_usecase.dart
DA:11,1
DA:12,1
DA:14,2
LF:3
LH:3
end_of_record
SF:lib/src/features/chat/domain/usecases/send_message_usecase.dart
DA:12,1
DA:14,1
DA:16,2
LF:3
LH:3
end_of_record
SF:lib/src/features/chat/presentation/viewmodel/chat_state.dart
DA:4,23
DA:6,1
DA:7,1
DA:17,1
DA:23,0
DA:29,1
DA:37,0
DA:43,1
DA:51,1
DA:57,0
DA:65,0
DA:71,22
LF:12
LH:8
end_of_record
SF:lib/src/features/chat/presentation/viewmodel/chat_event.dart
DA:4,1
DA:6,0
DA:7,0
DA:13,1
DA:19,1
DA:25,1
DA:31,1
DA:37,0
DA:43,0
LF:9
LH:5
end_of_record
SF:lib/src/features/chat/presentation/viewmodel/chat_bloc.dart
DA:21,1
DA:26,2
DA:27,2
DA:28,1
DA:29,1
DA:31,1
DA:32,1
DA:34,1
DA:35,1
DA:37,1
DA:38,1
DA:40,1
DA:41,0
DA:46,1
DA:48,2
DA:50,3
DA:51,1
DA:52,0
DA:53,3
DA:56,0
DA:61,0
DA:62,1
DA:64,2
DA:66,3
DA:67,1
DA:68,1
DA:69,1
DA:70,2
DA:73,0
DA:78,0
DA:80,1
DA:81,2
DA:84,3
DA:85,1
DA:86,0
DA:87,0
DA:88,0
DA:91,4
DA:95,1
DA:96,2
DA:98,3
DA:99,1
DA:100,0
DA:101,3
DA:104,0
DA:108,0
DA:110,0
DA:112,0
DA:113,0
DA:114,0
DA:115,0
DA:116,0
DA:117,0
DA:119,0
LF:54
LH:34
end_of_record
SF:lib/src/config/socket_config/socket_service.dart
DA:6,3
DA:9,2
DA:11,1
DA:13,0
DA:14,0
DA:15,0
DA:17,0
DA:20,0
DA:21,0
DA:22,0
DA:23,0
DA:24,0
DA:27,0
DA:28,0
DA:29,0
DA:32,0
DA:33,0
DA:36,0
DA:37,0
DA:41,0
DA:42,0
DA:45,0
LF:22
LH:3
end_of_record
SF:lib/src/core/shared_prefs.dart/user_shared_pref.dart
DA:11,0
DA:12,0
DA:13,0
DA:14,0
DA:15,0
DA:18,2
DA:20,2
DA:21,0
DA:25,0
DA:26,0
DA:29,4
DA:33,0
DA:35,0
DA:36,0
DA:38,0
DA:41,0
DA:42,0
DA:43,0
DA:44,0
DA:46,0
DA:48,0
DA:53,0
DA:54,0
DA:55,0
DA:58,0
DA:60,0
DA:61,0
DA:64,0
DA:68,0
DA:70,0
DA:71,0
DA:72,0
DA:74,0
DA:78,0
DA:80,0
DA:81,0
DA:84,0
LF:37
LH:3
end_of_record
SF:lib/src/features/jobs/domain/entities/job.dart
DA:26,9
DA:43,9
DA:44,9
DA:45,9
DA:49,9
DA:54,9
DA:59,9
DA:62,0
DA:79,0
DA:80,0
DA:81,0
DA:82,0
DA:83,0
DA:84,0
DA:85,0
DA:86,0
DA:87,0
DA:88,0
DA:89,0
DA:90,0
DA:91,0
DA:92,0
DA:93,0
DA:94,0
DA:98,0
DA:100,0
DA:101,0
DA:102,0
DA:103,0
DA:104,0
DA:105,0
DA:106,0
DA:107,0
DA:108,0
DA:109,0
DA:110,0
DA:111,0
DA:112,0
DA:113,0
DA:114,0
DA:115,0
LF:41
LH:7
end_of_record
SF:lib/src/features/search/data/dto/add_search_history_req_dto/add_search_history_req_dto.dart
DA:10,2
DA:15,0
DA:16,0
DA:18,0
LF:4
LH:1
end_of_record
SF:lib/src/features/search/data/dto/add_search_history_req_dto/add_search_history_req_dto.g.dart
DA:9,0
DA:11,0
DA:12,0
DA:13,0
DA:16,0
DA:18,0
DA:19,0
DA:20,0
LF:8
LH:0
end_of_record
SF:lib/src/features/search/domain/entities/search.dart
DA:9,2
DA:11,0
DA:12,0
DA:14,2
DA:15,2
DA:16,2
DA:18,2
DA:22,0
DA:27,0
DA:28,0
DA:29,0
DA:30,0
LF:12
LH:5
end_of_record
SF:lib/src/features/search/domain/usecases/add_search_history_usecase.dart
DA:11,1
DA:13,1
DA:15,2
LF:3
LH:3
end_of_record
SF:lib/src/features/search/domain/usecases/get_jobs_by_name_usecase.dart
DA:10,1
DA:12,1
DA:14,2
LF:3
LH:3
end_of_record
SF:lib/src/features/search/domain/usecases/get_project_by_name_usecase.dart
DA:10,1
DA:12,1
DA:14,2
LF:3
LH:3
end_of_record
SF:lib/src/features/search/domain/usecases/get_search_history_usecase.dart
DA:11,1
DA:13,1
DA:15,2
LF:3
LH:3
end_of_record
SF:lib/src/features/search/domain/usecases/get_users_by_name_usecase.dart
DA:10,1
DA:12,1
DA:14,2
LF:3
LH:3
end_of_record
SF:lib/src/features/search/presentation/viewmodels/search_event.dart
DA:4,2
DA:6,0
DA:7,0
DA:13,1
DA:19,1
DA:25,1
DA:31,1
DA:37,1
LF:8
LH:6
end_of_record
SF:lib/src/features/search/presentation/viewmodels/search_state.dart
DA:4,15
DA:6,1
DA:7,1
DA:17,1
DA:23,0
DA:27,14
DA:32,1
DA:37,1
DA:42,1
LF:9
LH:8
end_of_record
SF:lib/src/features/search/presentation/viewmodels/search_bloc.dart
DA:23,1
DA:29,2
DA:30,2
DA:31,1
DA:32,1
DA:34,1
DA:35,1
DA:37,1
DA:38,1
DA:40,1
DA:41,1
DA:43,1
DA:44,1
DA:49,1
DA:51,2
DA:53,3
DA:54,1
DA:55,0
DA:56,3
DA:59,0
DA:63,1
DA:65,2
DA:67,3
DA:68,1
DA:69,0
DA:70,2
DA:73,0
DA:77,1
DA:79,2
DA:81,3
DA:82,1
DA:83,0
DA:84,3
DA:87,0
DA:91,1
DA:93,2
DA:95,3
DA:96,1
DA:97,0
DA:98,3
DA:101,0
DA:105,1
DA:107,2
DA:109,3
DA:110,1
DA:111,0
DA:112,3
DA:115,0
LF:48
LH:38
end_of_record
SF:lib/src/features/profile/data/models/mappers/review_mapper.dart
DA:6,0
DA:7,0
DA:8,0
DA:9,0
DA:10,0
DA:11,0
DA:16,4
DA:17,2
DA:18,4
DA:19,4
DA:20,2
DA:21,2
LF:12
LH:6
end_of_record
SF:lib/src/features/project/domain/usecases/add_review_usecase.dart
DA:12,1
DA:14,1
DA:16,2
LF:3
LH:3
end_of_record
SF:lib/src/features/project/domain/usecases/apply_to_project_usecase.dart
DA:12,1
DA:14,1
DA:16,2
LF:3
LH:3
end_of_record
SF:lib/src/features/project/domain/usecases/complete_project_usecse.dart
DA:11,1
DA:13,1
DA:15,2
LF:3
LH:3
end_of_record
SF:lib/src/features/project/domain/usecases/create_task_usecase.dart
DA:11,1
DA:13,1
DA:15,2
LF:3
LH:3
end_of_record
SF:lib/src/features/project/domain/usecases/finish_hiring_usecase.dart
DA:9,1
DA:11,1
DA:13,2
LF:3
LH:3
end_of_record
SF:lib/src/features/project/domain/usecases/get_active_project_user_usecase.dart
DA:11,1
DA:13,1
DA:15,2
LF:3
LH:3
end_of_record
SF:lib/src/features/project/domain/usecases/get_active_task_by_user_id_usecase.dart
DA:11,0
DA:12,0
DA:14,0
LF:3
LH:0
end_of_record
SF:lib/src/features/project/domain/usecases/get_applied_projects_usecase.dart
DA:11,1
DA:13,1
DA:15,2
LF:3
LH:3
end_of_record
SF:lib/src/features/project/domain/usecases/get_completed_project_user_usecase.dart
DA:11,1
DA:13,1
DA:15,2
LF:3
LH:3
end_of_record
SF:lib/src/features/project/domain/usecases/get_explore_project_usecase.dart
DA:11,1
DA:12,1
DA:14,2
LF:3
LH:3
end_of_record
SF:lib/src/features/project/domain/usecases/get_hiring_projects_user_usecase.dart
DA:11,1
DA:13,1
DA:15,2
LF:3
LH:3
end_of_record
SF:lib/src/features/project/domain/usecases/get_project_by_id_usecase.dart
DA:10,1
DA:12,1
DA:14,2
LF:3
LH:3
end_of_record
SF:lib/src/features/project/domain/usecases/get_projects_user_usecase.dart
DA:10,1
DA:12,1
DA:14,2
LF:3
LH:3
end_of_record
SF:lib/src/features/project/domain/usecases/get_review_by_id_usecase.dart
DA:10,1
DA:12,1
DA:14,2
LF:3
LH:3
end_of_record
SF:lib/src/features/project/domain/usecases/hire_user_usecase.dart
DA:11,1
DA:13,1
DA:15,2
LF:3
LH:3
end_of_record
SF:lib/src/features/project/domain/usecases/reject_user_usecase.dart
DA:12,1
DA:14,1
DA:16,2
LF:3
LH:3
end_of_record
SF:lib/src/features/project/presentation/viewmodels/project_event.dart
DA:4,1
DA:6,0
DA:7,0
DA:13,1
DA:19,1
DA:25,1
DA:31,1
DA:37,1
DA:43,1
DA:49,1
DA:55,1
DA:61,1
DA:67,1
DA:73,1
DA:79,1
DA:85,1
DA:91,1
DA:97,1
DA:103,1
DA:109,1
DA:115,0
LF:21
LH:18
end_of_record
SF:lib/src/features/project/presentation/viewmodels/project_state.dart
DA:4,18
DA:6,1
DA:7,1
DA:13,17
DA:18,1
DA:23,0
DA:28,1
DA:33,1
DA:38,1
DA:42,17
DA:47,0
DA:52,1
DA:57,0
DA:62,1
DA:66,17
DA:71,1
DA:76,0
DA:80,17
DA:85,0
DA:90,1
DA:94,17
DA:99,1
DA:104,0
DA:108,17
DA:113,1
DA:118,0
DA:122,17
DA:127,1
DA:132,0
DA:136,17
DA:141,1
DA:146,0
DA:150,17
DA:155,1
DA:160,0
DA:164,17
DA:169,1
DA:174,0
DA:178,17
DA:183,1
DA:188,0
DA:192,17
DA:197,1
DA:202,0
DA:206,17
DA:211,1
DA:216,0
DA:220,17
DA:225,0
DA:230,0
LF:50
LH:34
end_of_record
SF:lib/src/features/project/presentation/viewmodels/project_bloc.dart
DA:55,1
DA:74,2
DA:75,2
DA:76,1
DA:77,1
DA:79,1
DA:80,1
DA:82,1
DA:83,1
DA:85,1
DA:86,1
DA:88,1
DA:89,1
DA:91,1
DA:92,1
DA:94,1
DA:95,1
DA:97,1
DA:98,1
DA:100,1
DA:101,1
DA:103,1
DA:104,1
DA:106,1
DA:107,1
DA:109,1
DA:110,1
DA:112,1
DA:113,1
DA:115,1
DA:116,1
DA:118,1
DA:119,1
DA:121,1
DA:122,1
DA:124,1
DA:125,1
DA:127,1
DA:128,0
DA:133,1
DA:135,1
DA:137,3
DA:138,1
DA:139,0
DA:140,3
DA:143,0
DA:147,1
DA:149,1
DA:151,3
DA:152,1
DA:153,0
DA:154,3
DA:157,0
DA:161,1
DA:163,1
DA:165,3
DA:166,1
DA:167,0
DA:168,3
DA:171,0
DA:176,0
DA:178,0
DA:180,0
DA:182,0
DA:184,0
DA:186,0
DA:187,1
DA:189,1
DA:191,3
DA:192,1
DA:193,1
DA:194,2
DA:195,2
DA:196,2
DA:197,1
DA:198,2
DA:199,1
DA:200,1
DA:201,2
DA:202,1
DA:203,1
DA:204,3
DA:207,0
DA:211,1
DA:212,1
DA:214,3
DA:215,1
DA:216,1
DA:217,2
DA:218,0
DA:219,3
DA:222,0
DA:223,0
DA:224,0
DA:226,0
DA:229,4
DA:233,1
DA:234,1
DA:236,3
DA:237,1
DA:238,1
DA:239,2
DA:240,0
DA:241,3
DA:244,0
DA:245,0
DA:246,0
DA:248,0
DA:251,4
DA:255,1
DA:257,1
DA:259,3
DA:260,1
DA:261,0
DA:262,3
DA:265,0
DA:269,1
DA:271,1
DA:273,3
DA:274,1
DA:275,0
DA:276,1
DA:277,2
DA:279,0
DA:280,0
DA:283,0
DA:287,4
DA:291,1
DA:292,1
DA:294,3
DA:295,1
DA:296,0
DA:297,1
DA:298,2
DA:299,2
DA:303,0
DA:308,0
DA:309,1
DA:311,1
DA:313,3
DA:314,1
DA:315,0
DA:316,1
DA:317,1
DA:318,2
DA:319,3
DA:322,0
DA:327,0
DA:329,0
DA:331,0
DA:332,1
DA:334,1
DA:336,3
DA:337,1
DA:338,0
DA:339,1
DA:340,1
DA:341,4
DA:342,0
DA:343,1
DA:344,1
DA:345,4
DA:346,1
DA:347,1
DA:348,4
DA:349,1
DA:350,3
DA:353,0
DA:357,1
DA:358,1
DA:360,3
DA:361,1
DA:362,0
DA:363,3
DA:366,0
DA:370,1
DA:372,1
DA:374,3
DA:375,1
DA:376,0
DA:377,3
DA:380,0
DA:384,1
DA:386,1
DA:388,3
DA:389,1
DA:390,0
DA:391,3
DA:394,0
DA:398,1
DA:400,1
DA:402,3
DA:403,1
DA:404,0
DA:405,1
DA:406,2
DA:407,2
DA:411,0
DA:416,0
DA:417,1
DA:419,1
DA:421,3
DA:422,1
DA:423,0
DA:424,1
DA:425,1
DA:426,2
DA:430,0
DA:434,1
DA:436,1
DA:438,3
DA:439,1
DA:440,0
DA:441,1
DA:442,6
DA:443,2
DA:444,2
DA:448,0
DA:453,0
DA:454,0
DA:456,0
DA:458,0
DA:459,0
DA:460,0
DA:461,0
DA:462,0
DA:463,0
DA:467,0
LF:228
LH:164
end_of_record
SF:lib/src/core/domain/mappers/remote/user_mappers.dart
DA:6,0
DA:7,0
DA:8,0
DA:9,0
DA:10,0
DA:11,0
DA:12,0
DA:13,0
DA:14,0
DA:15,0
DA:16,0
DA:17,0
DA:18,0
DA:19,0
DA:20,0
DA:21,0
DA:22,0
DA:23,0
DA:24,0
DA:29,4
DA:30,2
DA:31,2
DA:32,2
DA:33,2
DA:34,2
DA:35,2
DA:36,2
DA:37,2
DA:38,2
DA:39,2
DA:40,2
DA:41,2
DA:42,2
DA:43,2
LF:34
LH:15
end_of_record
SF:lib/src/features/dashboard/presentation/bloc/dashboard_bloc.dart
DA:14,3
DA:15,2
DA:16,1
DA:17,0
DA:19,1
DA:20,1
DA:22,1
DA:23,0
DA:28,0
DA:30,0
DA:33,1
DA:35,1
DA:36,0
DA:39,2
DA:40,2
DA:42,1
DA:43,1
DA:44,1
DA:45,2
DA:49,0
DA:51,0
DA:52,0
DA:56,0
DA:58,0
DA:59,0
DA:61,0
DA:64,0
LF:27
LH:14
end_of_record
SF:lib/src/features/dashboard/presentation/bloc/dashboard_state.dart
DA:4,4
DA:6,1
DA:7,1
DA:15,0
DA:16,0
DA:17,0
DA:25,1
DA:33,3
DA:39,0
DA:43,0
DA:48,0
DA:53,0
LF:12
LH:5
end_of_record
SF:lib/src/features/dashboard/presentation/bloc/dashboard_event.dart
DA:4,1
DA:6,0
DA:7,0
DA:13,0
LF:4
LH:1
end_of_record
SF:lib/src/features/dashboard/domain/usecases/get_user_usecase.dart
DA:10,1
DA:11,1
DA:13,2
LF:3
LH:3
end_of_record
SF:lib/src/features/authentication/domain/usecases/signin_usecase.dart
DA:11,1
DA:12,1
DA:14,2
LF:3
LH:3
end_of_record
SF:lib/src/features/authentication/presentation/viewmodels/signin/sign_in_state.dart
DA:4,4
DA:6,1
DA:7,1
DA:14,0
DA:19,0
DA:23,3
LF:6
LH:4
end_of_record
SF:lib/src/features/authentication/presentation/viewmodels/signin/sign_in_bloc.dart
DA:13,3
DA:14,2
DA:15,1
DA:16,1
DA:21,1
DA:22,1
DA:23,3
DA:24,1
DA:25,1
DA:26,0
DA:27,1
LF:11
LH:10
end_of_record
SF:lib/src/features/authentication/presentation/viewmodels/signin/sign_in_event.dart
DA:4,1
DA:6,0
DA:7,0
DA:13,1
DA:14,0
DA:15,0
LF:6
LH:2
end_of_record
SF:lib/src/features/profile/data/dto/education/add_education_req_dto.dart
DA:14,2
DA:21,0
DA:22,0
DA:24,0
DA:25,0
DA:27,0
LF:6
LH:1
end_of_record
SF:lib/src/features/profile/data/dto/education/add_education_req_dto.g.dart
DA:9,0
DA:10,0
DA:11,0
DA:12,0
DA:13,0
DA:14,0
DA:15,0
DA:18,0
DA:19,0
DA:20,0
DA:21,0
DA:22,0
DA:23,0
DA:24,0
LF:14
LH:0
end_of_record
SF:lib/src/features/profile/data/dto/experience/add_experience_req_dto.dart
DA:15,2
DA:23,0
DA:24,0
DA:26,0
DA:27,0
DA:29,0
LF:6
LH:1
end_of_record
SF:lib/src/features/profile/data/dto/experience/add_experience_req_dto.g.dart
DA:9,0
DA:10,0
DA:11,0
DA:12,0
DA:13,0
DA:14,0
DA:15,0
DA:16,0
DA:19,0
DA:21,0
DA:22,0
DA:23,0
DA:24,0
DA:25,0
DA:26,0
DA:27,0
LF:16
LH:0
end_of_record
SF:lib/src/features/profile/data/dto/experience/get_experience_res_dto.dart
DA:9,2
DA:13,0
DA:14,0
DA:15,0
DA:16,0
DA:18,0
DA:19,0
DA:20,0
DA:24,0
DA:25,0
DA:26,0
LF:11
LH:1
end_of_record
SF:lib/src/features/profile/data/dto/profile_img/update_profile_imgage_req_dto.dart
DA:14,2
DA:16,0
DA:17,0
DA:19,0
LF:4
LH:1
end_of_record
SF:lib/src/features/profile/data/dto/profile_img/update_profile_imgage_req_dto.g.dart
DA:9,0
DA:11,0
DA:12,0
DA:13,0
DA:16,0
DA:18,0
DA:19,0
DA:20,0
LF:8
LH:0
end_of_record
SF:lib/src/features/profile/data/models/remote/experience_api_model.dart
DA:14,2
DA:22,0
DA:23,0
DA:24,0
DA:25,0
DA:26,0
DA:27,0
DA:28,0
DA:29,0
DA:30,0
DA:31,0
DA:32,0
DA:33,0
DA:36,0
DA:37,0
DA:38,0
DA:39,0
DA:40,0
DA:41,0
DA:42,0
DA:43,0
DA:47,0
DA:49,0
LF:23
LH:1
end_of_record
SF:lib/src/features/profile/domain/entities/education.dart
DA:10,3
DA:17,3
DA:18,3
DA:22,3
DA:23,3
DA:26,0
DA:33,0
DA:34,0
DA:35,0
DA:36,0
DA:37,0
DA:38,0
DA:42,1
DA:44,6
LF:14
LH:7
end_of_record
SF:lib/src/features/profile/domain/entities/experience.dart
DA:11,2
DA:20,2
DA:21,2
DA:26,2
DA:27,2
DA:30,1
DA:38,1
DA:39,0
DA:40,0
DA:41,0
DA:42,0
DA:43,0
DA:44,0
DA:48,1
DA:50,6
LF:15
LH:9
end_of_record
SF:lib/src/features/profile/domain/usecases/add_education_usecase.dart
DA:12,1
DA:13,1
DA:15,2
LF:3
LH:3
end_of_record
SF:lib/src/features/profile/domain/usecases/add_experience_usecase.dart
DA:12,1
DA:13,1
DA:15,2
LF:3
LH:3
end_of_record
SF:lib/src/features/profile/domain/usecases/add_skill_usecase.dart
DA:11,1
DA:12,1
DA:14,2
DA:22,2
LF:4
LH:4
end_of_record
SF:lib/src/features/profile/domain/usecases/get_education_by_userID_usecase.dart
DA:11,1
DA:12,1
DA:14,2
LF:3
LH:3
end_of_record
SF:lib/src/features/profile/domain/usecases/get_experience_by_userID_usecase.dart
DA:11,1
DA:12,1
DA:14,2
LF:3
LH:3
end_of_record
SF:lib/src/features/profile/domain/usecases/get_history_by_user_id_usecase.dart
DA:11,1
DA:13,1
DA:15,2
LF:3
LH:3
end_of_record
SF:lib/src/features/profile/domain/usecases/get_review_by_id_usecase.dart
DA:10,1
DA:12,1
DA:14,2
LF:3
LH:3
end_of_record
SF:lib/src/features/profile/domain/usecases/get_reviews_by_user_usecase.dart
DA:11,1
DA:13,1
DA:15,2
LF:3
LH:3
end_of_record
SF:lib/src/features/profile/domain/usecases/get_user_profile_by_id_usecase.dart
DA:9,0
DA:10,0
DA:12,0
LF:3
LH:0
end_of_record
SF:lib/src/features/profile/domain/usecases/update_intro_usecase.dart
DA:12,1
DA:13,1
DA:15,2
LF:3
LH:3
end_of_record
SF:lib/src/features/profile/domain/usecases/update_profile_image_usecase.dart
DA:11,1
DA:12,1
DA:14,2
LF:3
LH:3
end_of_record
SF:lib/src/features/profile/presentation/viewmodels/profile_state.dart
DA:4,13
DA:6,1
DA:7,1
DA:14,0
DA:16,0
DA:17,0
DA:25,1
DA:31,0
DA:39,1
DA:45,0
DA:53,1
DA:58,1
DA:64,0
DA:70,1
DA:76,1
DA:81,1
DA:86,0
DA:90,12
DA:95,0
DA:100,1
DA:104,12
DA:109,1
DA:114,0
DA:118,12
DA:123,1
DA:128,0
LF:26
LH:16
end_of_record
SF:lib/src/features/profile/presentation/viewmodels/profile_event.dart
DA:4,1
DA:6,0
DA:7,0
DA:13,0
DA:19,1
DA:25,1
DA:31,1
DA:37,1
DA:43,1
DA:49,1
DA:55,0
DA:61,1
DA:67,1
DA:73,1
DA:79,1
LF:15
LH:11
end_of_record
SF:lib/src/features/profile/presentation/viewmodels/profile_bloc.dart
DA:43,1
DA:55,2
DA:56,2
DA:57,1
DA:58,0
DA:60,1
DA:61,1
DA:63,1
DA:64,1
DA:66,1
DA:67,1
DA:69,1
DA:70,1
DA:72,1
DA:73,1
DA:75,1
DA:76,1
DA:78,1
DA:79,0
DA:81,1
DA:82,1
DA:84,1
DA:85,1
DA:87,1
DA:88,1
DA:90,1
DA:91,1
DA:96,0
DA:98,0
DA:101,1
DA:103,2
DA:105,3
DA:106,1
DA:107,0
DA:108,3
DA:111,0
DA:115,1
DA:116,2
DA:118,3
DA:119,1
DA:120,0
DA:121,3
DA:124,0
DA:129,0
DA:130,1
DA:132,2
DA:134,3
DA:135,1
DA:136,1
DA:137,1
DA:138,3
DA:141,0
DA:146,2
DA:148,1
DA:150,2
DA:152,3
DA:153,1
DA:154,0
DA:155,1
DA:156,2
DA:157,3
DA:158,1
DA:159,2
DA:160,1
DA:161,3
DA:165,0
DA:169,1
DA:171,2
DA:173,3
DA:174,1
DA:175,1
DA:176,2
DA:177,2
DA:180,0
DA:184,1
DA:186,2
DA:188,3
DA:189,1
DA:190,1
DA:191,2
DA:192,2
DA:195,0
DA:199,0
DA:201,0
DA:203,0
DA:204,0
DA:205,0
DA:206,0
DA:209,0
DA:214,0
DA:216,2
DA:217,1
DA:219,2
DA:221,3
DA:222,2
DA:223,1
DA:224,1
DA:225,1
DA:226,3
DA:229,0
DA:233,1
DA:235,1
DA:237,3
DA:238,1
DA:239,0
DA:240,0
DA:243,4
DA:247,1
DA:249,1
DA:251,3
DA:252,1
DA:253,0
DA:254,3
DA:257,0
DA:261,1
DA:263,1
DA:265,3
DA:266,1
DA:267,0
DA:268,3
DA:271,0
LF:121
LH:92
end_of_record
SF:lib/src/features/profile/data/dto/intro/update_intro_req_dto.dart
DA:12,1
DA:17,0
DA:18,0
DA:20,0
DA:21,0
DA:22,0
LF:6
LH:1
end_of_record
SF:lib/src/features/profile/data/dto/intro/update_intro_req_dto.g.dart
DA:9,0
DA:10,0
DA:11,0
DA:12,0
DA:13,0
DA:16,0
DA:17,0
DA:18,0
DA:19,0
DA:20,0
LF:10
LH:0
end_of_record
SF:lib/src/features/profile/data/dto/intro/update_intro_res_dto.dart
DA:10,1
DA:11,0
DA:12,0
DA:14,0
LF:4
LH:1
end_of_record
SF:lib/src/features/profile/data/dto/intro/update_intro_res_dto.g.dart
DA:9,0
DA:10,0
DA:11,0
DA:12,0
DA:15,0
DA:16,0
DA:17,0
DA:18,0
LF:8
LH:0
end_of_record
SF:lib/src/core/functions/file_converter.dart
DA:5,24
DA:7,0
DA:10,0
DA:13,0
DA:15,0
LF:5
LH:1
end_of_record
SF:lib/src/features/profile/data/models/mappers/experience_mapper.dart
DA:5,3
DA:6,1
DA:7,1
DA:8,1
DA:9,1
DA:10,1
DA:11,1
DA:16,0
DA:17,0
DA:18,0
DA:19,0
DA:20,0
DA:21,0
DA:22,0
LF:14
LH:7
end_of_record
SF:lib/src/features/jobs/data/dto/apply_job/apply_job_req_dto.dart
DA:10,2
DA:12,0
DA:13,0
DA:15,0
LF:4
LH:1
end_of_record
SF:lib/src/features/jobs/data/dto/apply_job/apply_job_req_dto.g.dart
DA:9,0
DA:10,0
DA:11,0
DA:12,0
DA:15,0
DA:16,0
DA:17,0
DA:18,0
LF:8
LH:0
end_of_record
SF:lib/src/features/jobs/data/dto/create_job/create_job_req_dto.dart
DA:17,2
DA:27,0
DA:28,0
DA:30,0
LF:4
LH:1
end_of_record
SF:lib/src/features/jobs/data/dto/create_job/create_job_req_dto.g.dart
DA:9,0
DA:10,0
DA:11,0
DA:12,0
DA:13,0
DA:14,0
DA:15,0
DA:17,0
DA:18,0
DA:19,0
DA:22,0
DA:23,0
DA:24,0
DA:25,0
DA:26,0
DA:27,0
DA:28,0
DA:29,0
DA:30,0
DA:31,0
LF:20
LH:0
end_of_record
SF:lib/src/features/jobs/domain/usecases/apply_to_job_usecase.dart
DA:11,1
DA:13,1
DA:15,2
LF:3
LH:3
end_of_record
SF:lib/src/features/jobs/domain/usecases/create_job_usecase.dart
DA:11,1
DA:13,1
DA:15,2
LF:3
LH:3
end_of_record
SF:lib/src/features/jobs/domain/usecases/created_job_usecase.dart
DA:10,1
DA:12,1
DA:14,2
LF:3
LH:3
end_of_record
SF:lib/src/features/jobs/domain/usecases/get_applied_jobs_usecase.dart
DA:10,1
DA:12,1
DA:14,2
LF:3
LH:3
end_of_record
SF:lib/src/features/jobs/domain/usecases/get_explore_jobs_usecase.dart
DA:10,1
DA:12,1
DA:14,2
LF:3
LH:3
end_of_record
SF:lib/src/features/jobs/domain/usecases/get_job_by_id_usecase.dart
DA:10,1
DA:12,1
DA:14,2
LF:3
LH:3
end_of_record
SF:lib/src/features/jobs/presentation/viewmodel/job_state.dart
DA:4,9
DA:6,1
DA:7,1
DA:14,0
DA:16,0
DA:17,0
DA:21,8
DA:26,1
DA:31,0
DA:35,8
DA:40,1
DA:45,0
DA:49,8
DA:54,1
DA:59,0
DA:63,8
DA:68,1
DA:73,0
DA:77,8
DA:82,1
DA:87,0
DA:91,8
DA:96,1
DA:101,0
LF:24
LH:15
end_of_record
SF:lib/src/features/jobs/presentation/viewmodel/job_event.dart
DA:4,1
DA:6,0
DA:7,0
DA:13,0
DA:19,1
DA:25,1
DA:31,1
DA:37,1
DA:43,1
DA:49,1
LF:10
LH:7
end_of_record
SF:lib/src/features/jobs/presentation/viewmodel/job_bloc.dart
DA:23,1
DA:30,2
DA:31,2
DA:32,1
DA:33,0
DA:35,1
DA:36,1
DA:38,1
DA:39,1
DA:41,1
DA:42,1
DA:44,1
DA:45,1
DA:47,1
DA:48,1
DA:50,1
DA:51,1
DA:55,0
DA:56,0
DA:60,0
DA:61,1
DA:63,1
DA:65,3
DA:66,1
DA:67,0
DA:68,1
DA:69,1
DA:70,2
DA:71,2
DA:74,0
DA:79,0
DA:80,1
DA:81,1
DA:83,3
DA:84,1
DA:85,0
DA:86,1
DA:87,2
DA:88,2
DA:92,0
DA:97,0
DA:98,1
DA:100,1
DA:102,3
DA:103,1
DA:104,0
DA:105,1
DA:106,1
DA:107,2
DA:111,0
DA:115,1
DA:116,1
DA:118,3
DA:119,1
DA:120,0
DA:121,1
DA:122,6
DA:123,2
DA:124,2
DA:128,0
DA:132,1
DA:134,1
DA:136,3
DA:137,1
DA:138,0
DA:139,1
DA:140,1
DA:141,2
DA:145,0
DA:150,0
DA:151,1
DA:152,1
DA:154,3
DA:155,1
DA:156,0
DA:157,1
DA:158,1
DA:159,2
DA:163,0
LF:79
LH:60
end_of_record
SF:lib/src/features/chat/domain/usecases/get_conversation_by_id_usecase.dart
DA:11,1
DA:13,1
DA:15,2
LF:3
LH:3
end_of_record
SF:lib/src/core/widgets/input_fields/phone_field.dart
DA:15,1
DA:24,1
DA:26,2
DA:27,1
DA:28,1
DA:31,1
DA:33,2
DA:34,2
DA:35,1
DA:36,1
DA:37,2
DA:38,2
DA:39,1
DA:43,1
DA:45,1
DA:50,1
DA:63,1
DA:64,1
DA:65,1
LF:19
LH:19
end_of_record
SF:lib/src/core/constants/app_colors.dart
DA:4,0
LF:1
LH:0
end_of_record
SF:lib/src/core/constants/app_fonts.dart
DA:4,0
LF:1
LH:0
end_of_record
SF:lib/src/core/constants/app_strings.dart
DA:2,0
LF:1
LH:0
end_of_record
SF:lib/src/core/constants/media_query_values.dart
DA:4,40
DA:5,4
DA:6,0
DA:7,0
DA:8,0
DA:9,0
DA:10,27
LF:7
LH:3
end_of_record
SF:lib/src/core/widgets/input_fields/otp_field.dart
DA:9,1
DA:11,1
DA:12,1
DA:16,2
DA:17,1
DA:19,2
DA:20,1
DA:22,1
DA:25,1
DA:27,2
DA:28,1
DA:30,1
DA:32,1
DA:33,1
DA:34,1
DA:35,1
DA:36,2
DA:37,1
DA:38,3
DA:39,2
DA:42,2
DA:43,1
DA:47,1
DA:48,1
DA:50,1
DA:51,1
DA:52,1
DA:56,1
DA:57,1
DA:62,1
DA:63,1
DA:68,1
DA:69,1
DA:74,1
DA:75,1
DA:81,1
DA:82,2
DA:83,5
DA:84,2
DA:85,0
LF:40
LH:39
end_of_record
SF:lib/src/features/authentication/presentation/widgets/textspan/account_textspan.dart
DA:13,1
DA:22,1
DA:24,1
DA:25,1
DA:26,1
DA:27,1
DA:29,1
DA:30,1
DA:31,1
DA:32,1
DA:33,1
DA:34,1
DA:35,1
DA:36,3
DA:41,1
DA:42,1
DA:43,3
DA:48,3
LF:18
LH:18
end_of_record
SF:lib/src/core/constants/app_assets.dart
DA:2,0
DA:12,0
LF:2
LH:0
end_of_record
SF:lib/src/core/widgets/input_fields/input_field.dart
DA:15,1
DA:25,1
DA:27,2
DA:28,1
DA:29,1
DA:32,1
DA:34,2
DA:35,1
DA:36,1
DA:37,1
DA:38,1
DA:39,2
DA:40,1
DA:41,1
DA:44,1
DA:45,1
DA:47,1
DA:48,1
DA:55,1
DA:56,1
DA:57,1
LF:21
LH:21
end_of_record
SF:lib/src/features/dashboard/presentation/widgets/dashboard_title.dart
DA:11,1
DA:20,1
DA:22,2
DA:23,1
DA:24,1
DA:26,1
DA:28,1
DA:29,1
DA:30,1
DA:31,2
DA:33,2
DA:35,1
DA:36,1
DA:37,1
DA:38,1
DA:39,1
DA:40,2
DA:42,1
LF:18
LH:18
end_of_record
SF:lib/src/features/authentication/presentation/widgets/textspan/auth_message.dart
DA:9,1
DA:11,1
DA:13,2
DA:14,1
DA:16,1
DA:17,3
DA:19,2
DA:20,1
DA:21,2
DA:25,0
LF:10
LH:9
end_of_record
SF:lib/src/core/widgets/buttons/light_rounded_button.dart
DA:13,1
DA:21,1
DA:23,1
DA:24,1
DA:25,1
DA:28,1
DA:29,1
DA:32,1
DA:33,1
DA:34,1
DA:40,1
DA:41,1
DA:42,1
DA:43,4
DA:47,2
LF:15
LH:15
end_of_record
SF:lib/src/core/widgets/circle_image_avatar.dart
DA:12,1
DA:20,1
DA:22,1
DA:23,2
DA:25,1
DA:31,1
DA:32,1
DA:33,2
DA:34,1
DA:35,0
DA:36,0
DA:38,3
DA:39,2
DA:40,0
DA:41,0
DA:44,1
DA:45,2
DA:56,1
DA:57,2
LF:19
LH:15
end_of_record
SF:lib/src/core/widgets/image_builder.dart
DA:14,2
DA:22,1
DA:24,1
DA:25,1
DA:26,1
DA:27,2
DA:28,0
DA:31,0
DA:33,2
DA:34,2
DA:35,1
DA:41,1
DA:42,1
DA:43,1
DA:44,1
DA:45,1
LF:16
LH:14
end_of_record
SF:lib/src/core/widgets/buttons/dark_rounded_button.dart
DA:16,1
DA:27,1
DA:29,1
DA:30,1
DA:31,1
DA:32,1
DA:35,1
DA:36,1
DA:39,1
DA:40,1
DA:42,1
DA:43,1
DA:44,0
DA:45,0
DA:49,1
DA:50,1
DA:51,1
DA:59,1
DA:66,1
DA:67,1
DA:68,1
DA:69,1
DA:70,1
DA:71,1
DA:76,2
LF:25
LH:23
end_of_record
SF:lib/src/features/authentication/presentation/widgets/appbar/authentication_appbar.dart
DA:8,1
DA:10,1
DA:12,2
DA:13,1
DA:15,1
DA:16,1
DA:17,3
DA:18,1
DA:21,1
DA:24,1
DA:26,1
DA:27,2
DA:29,0
LF:13
LH:12
end_of_record
SF:lib/src/features/dashboard/presentation/widgets/dashboard_header.dart
DA:12,1
DA:14,0
DA:16,1
DA:18,2
DA:19,1
DA:20,3
DA:21,1
DA:22,0
DA:23,0
DA:24,0
DA:26,0
DA:33,0
DA:38,0
DA:40,0
DA:41,0
DA:42,0
DA:44,0
DA:45,0
DA:46,0
DA:47,0
DA:48,0
DA:49,0
DA:50,0
DA:51,0
DA:53,0
DA:55,0
DA:56,0
DA:61,0
DA:62,0
DA:64,0
DA:77,1
DA:78,1
LF:32
LH:8
end_of_record
SF:lib/src/config/dependency_injection/dependency_injector.dart
DA:17,3
DA:19,0
DA:20,0
DA:21,0
DA:22,0
DA:23,0
DA:24,0
DA:25,0
DA:26,0
DA:27,0
DA:28,0
DA:31,0
DA:32,0
DA:34,0
DA:35,0
DA:36,0
DA:38,0
DA:39,0
DA:40,0
LF:19
LH:1
end_of_record
SF:lib/src/core/network/connectivity_checker.dart
DA:10,0
DA:12,0
DA:14,0
DA:15,0
DA:16,0
LF:5
LH:0
end_of_record
SF:lib/src/core/network/hive_service.dart
DA:13,0
DA:14,0
DA:15,0
DA:17,0
DA:18,0
DA:19,0
DA:20,0
DA:21,0
DA:22,0
DA:23,0
DA:24,0
DA:25,0
DA:26,0
DA:27,0
DA:28,0
DA:29,0
DA:30,0
DA:33,0
DA:34,0
DA:35,0
DA:38,0
DA:39,0
DA:40,0
DA:41,0
DA:42,0
DA:46,0
DA:47,0
DA:48,0
DA:49,0
DA:50,0
DA:54,0
DA:56,0
DA:57,0
DA:58,0
DA:60,0
LF:35
LH:0
end_of_record
SF:lib/src/core/network/http_service.dart
DA:9,0
DA:11,0
DA:12,0
DA:13,0
DA:14,0
DA:15,0
DA:16,0
DA:17,0
DA:19,0
LF:9
LH:0
end_of_record
SF:lib/src/features/authentication/auth_injector.dart
DA:15,0
DA:16,0
DA:17,0
DA:18,0
DA:19,0
DA:20,0
DA:21,0
DA:22,0
DA:23,0
DA:24,0
DA:25,0
DA:26,0
DA:27,0
DA:28,0
DA:29,0
DA:30,0
DA:31,0
DA:32,0
DA:33,0
DA:34,0
LF:20
LH:0
end_of_record
SF:lib/src/features/chat/chat_injector.dart
DA:13,0
DA:14,0
DA:15,0
DA:16,0
DA:17,0
DA:18,0
DA:19,0
DA:20,0
DA:21,0
DA:22,0
DA:23,0
DA:24,0
DA:25,0
DA:26,0
DA:27,0
DA:28,0
DA:29,0
DA:30,0
DA:31,0
DA:32,0
LF:20
LH:0
end_of_record
SF:lib/src/features/dashboard/dashboard_injector.dart
DA:11,0
DA:12,0
DA:13,0
DA:14,0
DA:15,0
DA:16,0
DA:17,0
DA:18,0
DA:20,0
LF:9
LH:0
end_of_record
SF:lib/src/features/jobs/job_injector.dart
DA:16,0
DA:17,0
DA:18,0
DA:19,0
DA:20,0
DA:21,0
DA:22,0
DA:23,0
DA:24,0
DA:25,0
DA:26,0
DA:27,0
DA:28,0
DA:29,0
DA:30,0
DA:31,0
DA:32,0
DA:33,0
DA:34,0
DA:35,0
DA:36,0
DA:37,0
DA:38,0
DA:39,0
DA:40,0
DA:41,0
DA:42,0
LF:27
LH:0
end_of_record
SF:lib/src/features/notification/notification_injector.dart
DA:10,0
DA:11,0
DA:12,0
DA:13,0
DA:14,0
DA:15,0
DA:16,0
DA:17,0
DA:18,0
DA:19,0
DA:20,0
DA:21,0
LF:12
LH:0
end_of_record
SF:lib/src/features/profile/profile_injector.dart
DA:21,0
DA:22,0
DA:23,0
DA:24,0
DA:25,0
DA:26,0
DA:27,0
DA:28,0
DA:29,0
DA:30,0
DA:31,0
DA:32,0
DA:33,0
DA:34,0
DA:35,0
DA:36,0
DA:37,0
DA:38,0
DA:39,0
DA:40,0
DA:41,0
DA:42,0
DA:43,0
DA:44,0
DA:45,0
DA:46,0
DA:47,0
DA:48,0
DA:49,0
DA:50,0
DA:51,0
DA:52,0
DA:53,0
DA:54,0
DA:55,0
DA:56,0
DA:57,0
DA:58,0
DA:59,0
DA:60,0
DA:61,0
DA:62,0
DA:63,0
LF:43
LH:0
end_of_record
SF:lib/src/features/project/project_injector.dart
DA:28,0
DA:29,0
DA:30,0
DA:31,0
DA:32,0
DA:33,0
DA:34,0
DA:35,0
DA:36,0
DA:37,0
DA:38,0
DA:39,0
DA:40,0
DA:41,0
DA:42,0
DA:43,0
DA:44,0
DA:45,0
DA:46,0
DA:47,0
DA:48,0
DA:49,0
DA:50,0
DA:51,0
DA:52,0
DA:53,0
DA:54,0
DA:55,0
DA:56,0
DA:57,0
DA:58,0
DA:59,0
DA:60,0
DA:61,0
DA:62,0
DA:63,0
DA:64,0
DA:65,0
DA:66,0
DA:67,0
DA:68,0
DA:69,0
DA:70,0
DA:71,0
DA:72,0
DA:73,0
DA:74,0
DA:75,0
DA:76,0
DA:77,0
DA:78,0
DA:79,0
DA:80,0
DA:81,0
DA:82,0
DA:83,0
DA:84,0
DA:85,0
DA:86,0
DA:87,0
DA:88,0
DA:89,0
DA:90,0
DA:91,0
LF:64
LH:0
end_of_record
SF:lib/src/features/search/search_injector.dart
DA:15,0
DA:16,0
DA:17,0
DA:18,0
DA:19,0
DA:20,0
DA:21,0
DA:22,0
DA:23,0
DA:24,0
DA:25,0
DA:26,0
DA:27,0
DA:28,0
DA:29,0
DA:30,0
DA:31,0
DA:32,0
DA:33,0
DA:34,0
DA:35,0
DA:36,0
DA:37,0
DA:38,0
DA:39,0
LF:25
LH:0
end_of_record
SF:lib/src/core/constants/app_boxes.dart
DA:9,0
DA:26,0
DA:27,0
DA:28,0
DA:29,0
DA:30,0
DA:31,0
DA:32,0
DA:33,0
DA:34,0
DA:35,0
DA:36,0
DA:37,0
DA:38,0
DA:42,0
LF:15
LH:0
end_of_record
SF:lib/src/core/models/local/user_hive_model.dart
DA:31,0
DA:42,0
DA:43,0
DA:44,0
LF:4
LH:0
end_of_record
SF:lib/src/core/models/local/user_hive_model.g.dart
DA:13,0
DA:15,0
DA:16,0
DA:17,0
DA:19,0
DA:20,0
DA:21,0
DA:22,0
DA:23,0
DA:24,0
DA:25,0
DA:26,0
DA:27,0
DA:28,0
DA:29,0
DA:33,0
DA:36,0
DA:37,0
DA:38,0
DA:39,0
DA:40,0
DA:41,0
DA:42,0
DA:43,0
DA:44,0
DA:45,0
DA:46,0
DA:47,0
DA:48,0
DA:49,0
DA:50,0
DA:51,0
DA:52,0
DA:53,0
DA:54,0
DA:55,0
DA:56,0
DA:59,0
DA:60,0
DA:62,0
DA:65,0
DA:66,0
DA:67,0
LF:43
LH:0
end_of_record
SF:lib/src/features/profile/data/models/local/education/education_hive_model.dart
DA:19,0
DA:27,0
DA:29,0
DA:30,0
DA:31,0
DA:32,0
DA:33,0
DA:34,0
LF:8
LH:0
end_of_record
SF:lib/src/features/profile/data/models/local/education/education_hive_model.g.dart
DA:13,0
DA:15,0
DA:16,0
DA:17,0
DA:19,0
DA:20,0
DA:21,0
DA:22,0
DA:23,0
DA:24,0
DA:28,0
DA:31,0
DA:32,0
DA:33,0
DA:34,0
DA:35,0
DA:36,0
DA:37,0
DA:38,0
DA:39,0
DA:40,0
DA:41,0
DA:44,0
DA:45,0
DA:47,0
DA:50,0
DA:51,0
DA:52,0
LF:28
LH:0
end_of_record
SF:lib/src/features/profile/data/models/local/experience/experience_hive_model.dart
DA:21,0
DA:30,0
DA:32,0
DA:33,0
DA:34,0
DA:35,0
DA:36,0
DA:37,0
DA:38,0
LF:9
LH:0
end_of_record
SF:lib/src/features/profile/data/models/local/experience/experience_hive_model.g.dart
DA:13,0
DA:15,0
DA:16,0
DA:17,0
DA:19,0
DA:20,0
DA:21,0
DA:22,0
DA:23,0
DA:24,0
DA:25,0
DA:29,0
DA:32,0
DA:33,0
DA:34,0
DA:35,0
DA:36,0
DA:37,0
DA:38,0
DA:39,0
DA:40,0
DA:41,0
DA:42,0
DA:43,0
DA:44,0
DA:47,0
DA:48,0
DA:50,0
DA:53,0
DA:54,0
DA:55,0
LF:31
LH:0
end_of_record
SF:lib/src/features/project/data/models/local/project_hive_model.dart
DA:27,0
DA:38,0
DA:40,0
DA:41,0
DA:42,0
DA:43,0
DA:44,0
DA:45,0
DA:46,0
DA:47,0
DA:48,0
LF:11
LH:0
end_of_record
SF:lib/src/features/project/data/models/local/project_hive_model.g.dart
DA:13,0
DA:15,0
DA:16,0
DA:17,0
DA:19,0
DA:20,0
DA:21,0
DA:22,0
DA:23,0
DA:24,0
DA:25,0
DA:26,0
DA:27,0
DA:31,0
DA:34,0
DA:35,0
DA:36,0
DA:37,0
DA:38,0
DA:39,0
DA:40,0
DA:41,0
DA:42,0
DA:43,0
DA:44,0
DA:45,0
DA:46,0
DA:47,0
DA:48,0
DA:49,0
DA:50,0
DA:53,0
DA:54,0
DA:56,0
DA:59,0
DA:60,0
DA:61,0
LF:37
LH:0
end_of_record
SF:lib/src/features/search/data/models/search_hive_model.g.dart
DA:13,0
DA:15,0
DA:16,0
DA:17,0
DA:19,0
DA:20,0
DA:21,0
DA:22,0
DA:26,0
DA:29,0
DA:30,0
DA:31,0
DA:32,0
DA:33,0
DA:34,0
DA:35,0
DA:38,0
DA:39,0
DA:41,0
DA:44,0
DA:45,0
DA:46,0
LF:22
LH:0
end_of_record
SF:lib/src/features/search/data/models/search_hive_model.dart
DA:16,0
DA:22,0
DA:23,0
LF:3
LH:0
end_of_record
SF:lib/src/core/constants/hive_table.dart
DA:2,0
LF:1
LH:0
end_of_record
SF:lib/src/core/domain/mappers/local/user_mappers.dart
DA:6,0
DA:7,0
DA:8,0
DA:9,0
DA:10,0
DA:11,0
DA:12,0
DA:13,0
DA:14,0
DA:15,0
DA:16,0
DA:21,0
DA:22,0
DA:23,0
DA:24,0
DA:25,0
DA:26,0
DA:27,0
DA:28,0
DA:29,0
DA:30,0
DA:31,0
DA:36,0
DA:37,0
DA:38,0
DA:39,0
DA:40,0
DA:41,0
DA:42,0
DA:43,0
DA:44,0
DA:45,0
DA:46,0
DA:51,0
DA:52,0
DA:53,0
DA:54,0
DA:55,0
DA:56,0
DA:57,0
DA:58,0
DA:59,0
DA:60,0
DA:61,0
LF:44
LH:0
end_of_record
SF:lib/src/core/error/exceptions.dart
DA:7,0
DA:14,0
DA:16,0
DA:17,0
LF:4
LH:0
end_of_record
SF:lib/src/core/error/token_expire_handler.dart
DA:2,0
DA:4,0
DA:6,0
DA:10,0
DA:11,0
DA:12,0
DA:21,0
DA:22,0
LF:8
LH:0
end_of_record
SF:lib/src/core/http/api_endpoints.dart
DA:2,0
LF:1
LH:0
end_of_record
SF:lib/src/core/http/custom_exception.dart
DA:2,0
DA:8,0
DA:9,0
DA:11,0
DA:16,0
DA:17,0
DA:21,0
DA:22,0
DA:26,0
DA:27,0
DA:31,0
DA:32,0
DA:36,0
DA:37,0
DA:41,0
DA:42,0
DA:46,0
DA:47,0
DA:51,0
DA:52,0
LF:20
LH:0
end_of_record
SF:lib/src/core/http/dio_service_interceptor.dart
DA:5,0
DA:7,0
DA:9,0
DA:10,0
DA:11,0
DA:12,0
DA:13,0
DA:14,0
DA:17,0
DA:18,0
DA:19,0
DA:21,0
DA:26,0
DA:27,0
DA:29,0
DA:32,0
LF:16
LH:0
end_of_record
SF:lib/src/core/http/handle_error_response.dart
DA:6,0
DA:7,0
DA:8,0
DA:10,0
DA:11,0
DA:13,0
DA:14,0
DA:16,0
DA:21,0
DA:23,0
DA:24,0
DA:25,0
DA:27,0
DA:28,0
DA:29,0
DA:34,0
DA:39,0
DA:41,0
DA:43,0
DA:44,0
DA:45,0
DA:46,0
DA:48,0
DA:49,0
DA:50,0
DA:51,0
DA:52,0
DA:54,0
DA:55,0
DA:56,0
DA:57,0
DA:59,0
DA:60,0
DA:61,0
DA:62,0
DA:63,0
DA:64,0
DA:65,0
DA:67,0
DA:68,0
DA:69,0
DA:70,0
DA:71,0
DA:73,0
DA:74,0
DA:75,0
DA:76,0
DA:79,0
DA:81,0
DA:86,0
DA:89,0
DA:90,0
DA:91,0
DA:92,0
DA:93,0
DA:95,0
DA:96,0
DA:97,0
DA:98,0
DA:99,0
LF:60
LH:0
end_of_record
SF:lib/src/core/type_adaptar/status_adaptar.dart
DA:8,0
DA:10,0
DA:13,0
DA:15,0
LF:4
LH:0
end_of_record
SF:lib/src/features/jobs/data/models/local/job_hive_model.dart
DA:27,0
DA:38,0
DA:40,0
DA:42,0
DA:43,0
DA:44,0
DA:45,0
DA:46,0
DA:47,0
DA:48,0
LF:10
LH:0
end_of_record
SF:lib/src/features/jobs/data/models/local/job_hive_model.g.dart
DA:13,0
DA:15,0
DA:16,0
DA:17,0
DA:19,0
DA:20,0
DA:21,0
DA:22,0
DA:23,0
DA:24,0
DA:25,0
DA:26,0
DA:30,0
DA:33,0
DA:34,0
DA:35,0
DA:36,0
DA:37,0
DA:38,0
DA:39,0
DA:40,0
DA:41,0
DA:42,0
DA:43,0
DA:44,0
DA:45,0
DA:46,0
DA:47,0
DA:50,0
DA:51,0
DA:53,0
DA:56,0
DA:57,0
DA:58,0
LF:34
LH:0
end_of_record
SF:lib/src/core/utils/hash_password.dart
DA:5,0
DA:6,0
DA:7,0
LF:3
LH:0
end_of_record
SF:lib/src/features/authentication/data/datasources/local/auth_local_datasource_impl.dart
DA:13,0
DA:15,0
DA:18,0
DA:19,0
DA:21,0
DA:25,0
DA:29,0
DA:32,0
DA:33,0
DA:34,0
DA:35,0
DA:37,0
DA:38,0
DA:39,0
DA:40,0
DA:41,0
DA:44,0
DA:46,0
DA:47,0
LF:19
LH:0
end_of_record
SF:lib/src/features/authentication/data/datasources/remote/auth_remote_datasource_impl.dart
DA:17,0
DA:19,0
DA:22,0
DA:23,0
DA:24,0
DA:26,0
DA:27,0
DA:28,0
DA:31,0
DA:32,0
DA:36,0
DA:39,0
DA:40,0
DA:41,0
DA:43,0
DA:44,0
DA:45,0
DA:48,0
DA:49,0
DA:53,0
DA:56,0
DA:57,0
DA:58,0
DA:60,0
DA:61,0
DA:62,0
DA:65,0
DA:66,0
DA:70,0
DA:73,0
DA:74,0
DA:76,0
DA:77,0
DA:78,0
DA:79,0
DA:81,0
DA:82,0
DA:83,0
DA:86,0
DA:87,0
DA:91,0
DA:94,0
DA:95,0
DA:96,0
DA:97,0
DA:100,0
DA:101,0
DA:102,0
DA:105,0
DA:106,0
LF:50
LH:0
end_of_record
SF:lib/src/features/authentication/data/repositories/auth_remote_repository.dart
DA:21,0
DA:24,0
DA:27,0
DA:28,0
DA:30,0
DA:34,0
DA:37,0
DA:38,0
DA:40,0
DA:44,0
DA:48,0
DA:49,0
DA:51,0
DA:55,0
DA:59,0
DA:61,0
DA:62,0
DA:63,0
DA:64,0
DA:66,0
LF:20
LH:0
end_of_record
SF:lib/src/features/authentication/data/dto/sign_in/sign_in_response_dto.dart
DA:11,0
DA:18,0
DA:19,0
DA:20,0
DA:21,0
DA:22,0
DA:23,0
DA:27,0
DA:28,0
DA:29,0
DA:30,0
DA:31,0
LF:12
LH:0
end_of_record
SF:lib/src/features/chat/data/datasources/remote/chat_remote_datasource_impl.dart
DA:13,0
DA:14,0
DA:17,0
DA:19,0
DA:20,0
DA:21,0
DA:24,0
DA:25,0
DA:27,0
DA:28,0
DA:29,0
DA:32,0
DA:33,0
DA:37,0
DA:40,0
DA:41,0
DA:42,0
DA:43,0
DA:44,0
DA:46,0
DA:47,0
DA:48,0
DA:51,0
DA:52,0
DA:56,0
DA:58,0
DA:61,0
DA:65,0
DA:66,0
DA:67,0
DA:68,0
DA:69,0
DA:71,0
DA:72,0
DA:73,0
DA:76,0
DA:77,0
DA:81,0
DA:84,0
DA:85,0
DA:86,0
DA:87,0
DA:88,0
DA:90,0
DA:91,0
DA:92,0
DA:95,0
DA:96,0
LF:48
LH:0
end_of_record
SF:lib/src/features/chat/data/repositories/chat_remote_repository.dart
DA:16,0
DA:17,0
DA:22,0
DA:23,0
DA:25,0
DA:29,0
DA:34,0
DA:35,0
DA:36,0
DA:37,0
DA:39,0
DA:43,0
DA:46,0
DA:49,0
DA:53,0
DA:54,0
DA:55,0
DA:57,0
DA:61,0
DA:66,0
DA:67,0
DA:69,0
LF:22
LH:0
end_of_record
SF:lib/src/features/chat/data/models/conversation_api_model.dart
DA:13,0
DA:19,0
DA:20,0
DA:21,0
DA:22,0
DA:23,0
DA:24,0
DA:25,0
DA:26,0
DA:27,0
DA:28,0
DA:29,0
DA:30,0
DA:31,0
DA:32,0
DA:33,0
DA:34,0
DA:35,0
DA:37,0
DA:41,0
DA:42,0
DA:43,0
DA:44,0
DA:45,0
DA:49,0
DA:50,0
LF:26
LH:0
end_of_record
SF:lib/src/features/chat/data/models/message_api_model.dart
DA:10,0
DA:17,0
DA:18,0
DA:19,0
DA:20,0
DA:21,0
DA:22,0
DA:23,0
DA:24,0
DA:28,0
DA:29,0
DA:30,0
DA:31,0
DA:32,0
DA:33,0
DA:37,0
DA:38,0
LF:17
LH:0
end_of_record
SF:lib/src/features/chat/data/models/mapppers/conversation_mapper.dart
DA:7,0
DA:8,0
DA:9,0
DA:10,0
DA:15,0
DA:16,0
DA:17,0
DA:18,0
LF:8
LH:0
end_of_record
SF:lib/src/features/chat/data/models/mapppers/message_mappers.dart
DA:6,0
DA:7,0
DA:8,0
DA:9,0
DA:10,0
DA:15,0
DA:16,0
DA:17,0
DA:18,0
DA:19,0
LF:10
LH:0
end_of_record
SF:lib/src/features/dashboard/data/datasources/local/dasboard_local_datasource_impl.dart
DA:7,0
LF:1
LH:0
end_of_record
SF:lib/src/features/dashboard/data/datasources/remote/dashboard_remote_datasource_impl.dart
DA:14,0
DA:17,0
DA:20,0
DA:21,0
DA:22,0
DA:23,0
DA:26,0
DA:27,0
DA:28,0
DA:31,0
DA:32,0
LF:11
LH:0
end_of_record
SF:lib/src/features/dashboard/data/repositories/dashboard_remote_repository.dart
DA:11,0
DA:14,0
DA:16,0
DA:17,0
LF:4
LH:0
end_of_record
SF:lib/src/features/project/data/models/remote/project_api_model.dart
DA:39,0
DA:65,0
DA:66,0
DA:67,0
DA:68,0
DA:69,0
DA:70,0
DA:71,0
DA:72,0
DA:73,0
DA:74,0
DA:75,0
DA:76,0
DA:77,0
DA:78,0
DA:79,0
DA:80,0
DA:81,0
DA:82,0
DA:83,0
DA:84,0
DA:85,0
DA:86,0
DA:88,0
DA:89,0
DA:90,0
DA:91,0
DA:92,0
DA:93,0
DA:94,0
DA:95,0
DA:96,0
DA:97,0
DA:98,0
DA:99,0
DA:100,0
DA:101,0
DA:102,0
DA:103,0
DA:104,0
DA:105,0
DA:106,0
DA:107,0
DA:108,0
DA:109,0
DA:110,0
DA:111,0
DA:112,0
DA:113,0
DA:119,0
DA:120,0
DA:121,0
DA:122,0
DA:123,0
DA:124,0
DA:125,0
DA:126,0
DA:127,0
DA:128,0
DA:129,0
DA:130,0
DA:131,0
DA:132,0
DA:133,0
DA:134,0
DA:135,0
DA:136,0
DA:137,0
DA:138,0
DA:139,0
DA:140,0
DA:141,0
DA:142,0
DA:143,0
DA:144,0
DA:145,0
DA:148,0
DA:149,0
DA:150,0
DA:151,0
DA:152,0
DA:153,0
DA:154,0
DA:155,0
DA:156,0
DA:157,0
DA:158,0
DA:159,0
DA:160,0
DA:161,0
DA:162,0
DA:164,0
DA:166,0
DA:168,0
DA:169,0
DA:170,0
DA:171,0
DA:172,0
LF:98
LH:0
end_of_record
SF:lib/src/features/jobs/data/models/remote/job_api_model.dart
DA:27,0
DA:45,0
DA:46,0
DA:47,0
DA:48,0
DA:49,0
DA:50,0
DA:52,0
DA:53,0
DA:54,0
DA:55,0
DA:56,0
DA:57,0
DA:58,0
DA:59,0
DA:60,0
DA:61,0
DA:62,0
DA:63,0
DA:65,0
DA:66,0
DA:67,0
DA:68,0
DA:69,0
DA:70,0
DA:71,0
DA:72,0
DA:73,0
DA:74,0
DA:75,0
DA:76,0
DA:77,0
DA:78,0
DA:79,0
DA:80,0
DA:81,0
DA:82,0
DA:83,0
DA:84,0
DA:85,0
DA:86,0
DA:87,0
DA:88,0
DA:89,0
DA:90,0
DA:91,0
DA:92,0
DA:96,0
DA:97,0
DA:98,0
DA:99,0
DA:100,0
DA:101,0
DA:102,0
DA:103,0
DA:104,0
DA:105,0
DA:106,0
DA:107,0
DA:108,0
DA:109,0
DA:110,0
DA:111,0
DA:112,0
LF:64
LH:0
end_of_record
SF:lib/src/features/jobs/data/datasources/local/job_local_datasource_impl.dart
DA:9,0
DA:11,0
DA:12,0
DA:13,0
DA:14,0
DA:15,0
DA:19,0
DA:21,0
DA:22,0
DA:26,0
DA:28,0
DA:29,0
DA:30,0
DA:31,0
DA:32,0
DA:36,0
DA:38,0
DA:39,0
LF:18
LH:0
end_of_record
SF:lib/src/features/jobs/data/models/mappers/job_local_mappers.dart
DA:6,0
DA:8,0
DA:9,0
DA:10,0
DA:11,0
DA:12,0
DA:13,0
DA:14,0
DA:19,0
DA:21,0
DA:22,0
DA:23,0
DA:24,0
DA:25,0
DA:26,0
DA:27,0
DA:32,0
DA:34,0
DA:35,0
DA:36,0
DA:37,0
DA:38,0
DA:39,0
DA:40,0
LF:24
LH:0
end_of_record
SF:lib/src/features/jobs/data/datasources/remote/job_remote_datasource_impl.dart
DA:12,0
DA:14,0
DA:17,0
DA:18,0
DA:19,0
DA:20,0
DA:21,0
DA:24,0
DA:25,0
DA:26,0
DA:29,0
DA:30,0
DA:34,0
DA:37,0
DA:38,0
DA:39,0
DA:41,0
DA:42,0
DA:43,0
DA:46,0
DA:47,0
DA:48,0
DA:52,0
DA:55,0
DA:56,0
DA:58,0
DA:60,0
DA:61,0
DA:62,0
DA:65,0
DA:66,0
DA:70,0
DA:73,0
DA:74,0
DA:75,0
DA:76,0
DA:77,0
DA:80,0
DA:81,0
DA:82,0
DA:85,0
DA:86,0
DA:90,0
DA:93,0
DA:94,0
DA:95,0
DA:96,0
DA:97,0
DA:100,0
DA:101,0
DA:102,0
DA:105,0
DA:106,0
DA:110,0
DA:113,0
DA:114,0
DA:115,0
DA:117,0
DA:118,0
DA:119,0
DA:122,0
DA:123,0
LF:62
LH:0
end_of_record
SF:lib/src/features/jobs/data/models/mappers/job_mappers.dart
DA:10,0
DA:11,0
DA:12,0
DA:13,0
DA:14,0
DA:19,0
DA:20,0
DA:21,0
DA:22,0
DA:23,0
DA:28,0
DA:29,0
DA:30,0
DA:31,0
DA:32,0
DA:33,0
DA:34,0
DA:35,0
DA:36,0
DA:37,0
DA:38,0
DA:39,0
DA:40,0
DA:42,0
DA:43,0
DA:44,0
DA:49,0
DA:50,0
DA:51,0
DA:52,0
DA:53,0
DA:54,0
DA:55,0
DA:56,0
DA:57,0
DA:58,0
DA:59,0
DA:60,0
DA:61,0
DA:63,0
DA:64,0
DA:65,0
LF:42
LH:0
end_of_record
SF:lib/src/features/jobs/data/models/remote/applicants_api_model.dart
DA:12,0
DA:19,0
DA:20,0
DA:21,0
DA:22,0
DA:23,0
DA:24,0
DA:25,0
DA:26,0
DA:29,0
DA:30,0
DA:31,0
DA:32,0
DA:33,0
DA:34,0
DA:38,0
DA:39,0
LF:17
LH:0
end_of_record
SF:lib/src/features/profile/data/models/mappers/skill_mappers.dart
DA:5,0
DA:9,0
LF:2
LH:0
end_of_record
SF:lib/src/features/jobs/data/repositories/job_remote_repository.dart
DA:18,0
DA:23,0
DA:25,0
DA:27,0
DA:28,0
DA:29,0
DA:31,0
DA:33,0
DA:36,0
DA:37,0
DA:41,0
DA:44,0
DA:45,0
DA:47,0
DA:51,0
DA:54,0
DA:55,0
DA:57,0
DA:61,0
DA:64,0
DA:65,0
DA:67,0
DA:71,0
DA:73,0
DA:75,0
DA:76,0
DA:77,0
DA:79,0
DA:81,0
DA:84,0
DA:85,0
DA:89,0
DA:92,0
DA:93,0
DA:95,0
LF:35
LH:0
end_of_record
SF:lib/src/features/notification/data/models/notification_api_model.dart
DA:12,0
DA:20,0
DA:21,0
DA:22,0
DA:24,0
DA:25,0
DA:26,0
DA:27,0
DA:28,0
DA:29,0
DA:33,0
DA:34,0
DA:35,0
DA:36,0
DA:37,0
DA:38,0
DA:39,0
DA:43,0
DA:45,0
LF:19
LH:0
end_of_record
SF:lib/src/features/notification/data/datasources/remote/notification_remote_datasource_impl.dart
DA:11,0
DA:12,0
DA:16,0
DA:17,0
DA:18,0
DA:20,0
DA:21,0
DA:23,0
DA:24,0
DA:25,0
DA:28,0
DA:29,0
DA:33,0
DA:36,0
DA:37,0
DA:38,0
DA:40,0
DA:41,0
DA:42,0
DA:45,0
DA:46,0
LF:21
LH:0
end_of_record
SF:lib/src/features/notification/data/models/mappers/notification_mappers.dart
DA:5,0
DA:6,0
DA:7,0
DA:8,0
DA:9,0
DA:10,0
DA:15,0
DA:16,0
DA:17,0
DA:18,0
DA:19,0
DA:20,0
LF:12
LH:0
end_of_record
SF:lib/src/features/notification/domain/entities/notification.dart
DA:13,0
DA:21,0
DA:22,0
DA:23,0
DA:27,0
DA:30,0
DA:37,0
DA:38,0
DA:39,0
DA:40,0
DA:41,0
DA:42,0
DA:46,0
DA:48,0
LF:14
LH:0
end_of_record
SF:lib/src/features/notification/data/repositories/notification_remote_repository.dart
DA:12,0
DA:13,0
DA:18,0
DA:19,0
DA:20,0
DA:21,0
DA:23,0
DA:27,0
DA:32,0
DA:33,0
DA:35,0
LF:11
LH:0
end_of_record
SF:lib/src/features/notification/domain/usecases/delete_notification_by_userid_usecae.dart
DA:10,0
DA:12,0
DA:14,0
LF:3
LH:0
end_of_record
SF:lib/src/features/notification/domain/usecases/get_notification_by_user_id_usecase.dart
DA:11,0
DA:13,0
DA:15,0
LF:3
LH:0
end_of_record
SF:lib/src/features/notification/presentation/viewmodel/notification_state.dart
DA:4,1
DA:6,0
DA:7,0
DA:13,1
DA:18,0
DA:23,0
DA:27,1
DA:32,0
DA:37,0
LF:9
LH:3
end_of_record
SF:lib/src/features/notification/presentation/viewmodel/notification_bloc.dart
DA:13,0
DA:16,0
DA:17,0
DA:18,0
DA:19,0
DA:21,0
DA:22,0
DA:27,0
DA:28,0
DA:30,0
DA:32,0
DA:33,0
DA:34,0
DA:35,0
DA:36,0
DA:37,0
DA:40,0
DA:44,0
DA:46,0
DA:48,0
DA:49,0
DA:50,0
DA:51,0
DA:52,0
DA:53,0
DA:54,0
DA:57,0
LF:27
LH:0
end_of_record
SF:lib/src/features/notification/presentation/viewmodel/notification_event.dart
DA:4,0
DA:6,0
DA:7,0
DA:13,0
DA:19,0
LF:5
LH:0
end_of_record
SF:lib/src/features/profile/data/models/remote/education_api_model.dart
DA:13,0
DA:20,0
DA:21,0
DA:22,0
DA:23,0
DA:24,0
DA:25,0
DA:26,0
DA:27,0
DA:28,0
DA:29,0
DA:30,0
DA:33,0
DA:34,0
DA:35,0
DA:36,0
DA:37,0
DA:38,0
DA:39,0
DA:43,0
DA:45,0
LF:21
LH:0
end_of_record
SF:lib/src/features/profile/data/datasources/local/profile_local_datasource_impl.dart
DA:15,0
DA:17,0
DA:19,0
DA:20,0
DA:21,0
DA:25,0
DA:27,0
DA:29,0
DA:30,0
DA:31,0
DA:35,0
DA:38,0
DA:42,0
DA:45,0
DA:49,0
DA:52,0
DA:53,0
DA:55,0
DA:56,0
DA:57,0
DA:61,0
DA:64,0
DA:65,0
LF:23
LH:0
end_of_record
SF:lib/src/features/profile/data/models/mappers/education_local_mappers.dart
DA:6,0
DA:7,0
DA:8,0
DA:9,0
DA:10,0
DA:11,0
DA:16,0
DA:17,0
DA:18,0
DA:19,0
DA:20,0
DA:21,0
DA:26,0
DA:27,0
DA:28,0
DA:29,0
DA:30,0
DA:31,0
LF:18
LH:0
end_of_record
SF:lib/src/features/profile/data/models/mappers/experience_local_mapper.dart
DA:6,0
DA:7,0
DA:8,0
DA:9,0
DA:10,0
DA:11,0
DA:12,0
DA:17,0
DA:18,0
DA:19,0
DA:20,0
DA:21,0
DA:22,0
DA:23,0
DA:28,0
DA:29,0
DA:30,0
DA:31,0
DA:32,0
DA:33,0
DA:34,0
LF:21
LH:0
end_of_record
SF:lib/src/features/project/data/models/mappers/project_local_mappers.dart
DA:6,0
DA:7,0
DA:8,0
DA:9,0
DA:10,0
DA:11,0
DA:12,0
DA:13,0
DA:14,0
DA:19,0
DA:20,0
DA:21,0
DA:22,0
DA:23,0
DA:24,0
DA:25,0
DA:26,0
DA:27,0
DA:32,0
DA:33,0
DA:34,0
DA:35,0
DA:36,0
DA:37,0
DA:38,0
DA:39,0
DA:40,0
LF:27
LH:0
end_of_record
SF:lib/src/features/profile/data/datasources/remote/profile_datasource_impl.dart
DA:23,0
DA:24,0
DA:27,0
DA:29,0
DA:30,0
DA:31,0
DA:32,0
DA:34,0
DA:36,0
DA:37,0
DA:39,0
DA:40,0
DA:46,0
DA:47,0
DA:48,0
DA:50,0
DA:51,0
DA:52,0
DA:55,0
DA:56,0
DA:60,0
DA:63,0
DA:64,0
DA:65,0
DA:67,0
DA:68,0
DA:70,0
DA:71,0
DA:73,0
DA:74,0
DA:75,0
DA:78,0
DA:79,0
DA:83,0
DA:86,0
DA:87,0
DA:88,0
DA:90,0
DA:91,0
DA:93,0
DA:94,0
DA:95,0
DA:98,0
DA:99,0
DA:103,0
DA:106,0
DA:107,0
DA:109,0
DA:112,0
DA:113,0
DA:114,0
DA:117,0
DA:118,0
DA:122,0
DA:125,0
DA:126,0
DA:128,0
DA:131,0
DA:132,0
DA:133,0
DA:136,0
DA:137,0
DA:141,0
DA:144,0
DA:145,0
DA:147,0
DA:150,0
DA:151,0
DA:152,0
DA:155,0
DA:156,0
DA:160,0
DA:163,0
DA:164,0
DA:166,0
DA:169,0
DA:170,0
DA:171,0
DA:174,0
DA:175,0
DA:179,0
DA:182,0
DA:183,0
DA:184,0
DA:185,0
DA:188,0
DA:189,0
DA:190,0
DA:193,0
DA:194,0
DA:198,0
DA:201,0
DA:202,0
DA:203,0
DA:205,0
DA:206,0
DA:208,0
DA:209,0
DA:210,0
DA:213,0
DA:214,0
DA:218,0
DA:221,0
DA:222,0
DA:223,0
DA:225,0
DA:226,0
DA:227,0
DA:230,0
DA:231,0
DA:235,0
DA:238,0
DA:239,0
DA:240,0
DA:241,0
DA:242,0
DA:244,0
DA:245,0
DA:246,0
DA:249,0
DA:250,0
LF:121
LH:0
end_of_record
SF:lib/src/features/profile/data/models/mappers/education_mappers.dart
DA:5,0
DA:6,0
DA:7,0
DA:8,0
DA:9,0
DA:10,0
DA:15,0
DA:16,0
DA:17,0
DA:18,0
DA:19,0
DA:20,0
LF:12
LH:0
end_of_record
SF:lib/src/features/profile/data/repositories/profile_remote_repository.dart
DA:41,0
DA:46,0
DA:51,0
DA:52,0
DA:54,0
DA:56,0
DA:60,0
DA:64,0
DA:65,0
DA:67,0
DA:71,0
DA:74,0
DA:75,0
DA:78,0
DA:79,0
DA:80,0
DA:82,0
DA:83,0
DA:85,0
DA:88,0
DA:89,0
DA:90,0
DA:97,0
DA:100,0
DA:101,0
DA:104,0
DA:105,0
DA:106,0
DA:107,0
DA:108,0
DA:110,0
DA:112,0
DA:115,0
DA:116,0
DA:117,0
DA:119,0
DA:121,0
DA:128,0
DA:133,0
DA:134,0
DA:136,0
DA:140,0
DA:145,0
DA:146,0
DA:148,0
DA:152,0
DA:156,0
DA:157,0
DA:158,0
DA:160,0
DA:164,0
DA:166,0
DA:169,0
DA:170,0
DA:172,0
DA:175,0
DA:176,0
DA:177,0
DA:184,0
DA:188,0
DA:189,0
DA:191,0
DA:195,0
DA:199,0
DA:200,0
DA:202,0
DA:206,0
DA:208,0
DA:211,0
DA:212,0
DA:213,0
DA:215,0
DA:217,0
DA:220,0
DA:221,0
LF:75
LH:0
end_of_record
SF:lib/src/features/project/data/models/mappers/project_mappers.dart
DA:12,0
DA:13,0
DA:14,0
DA:15,0
DA:16,0
DA:17,0
DA:18,0
DA:19,0
DA:20,0
DA:21,0
DA:22,0
DA:23,0
DA:24,0
DA:25,0
DA:26,0
DA:27,0
DA:28,0
DA:29,0
DA:30,0
DA:31,0
DA:32,0
DA:33,0
DA:35,0
DA:36,0
DA:37,0
DA:38,0
DA:39,0
DA:40,0
DA:41,0
DA:46,0
DA:47,0
DA:48,0
DA:49,0
DA:50,0
DA:51,0
DA:52,0
DA:53,0
DA:54,0
DA:55,0
DA:56,0
DA:57,0
DA:58,0
DA:59,0
DA:60,0
DA:61,0
DA:62,0
DA:63,0
DA:64,0
DA:65,0
DA:66,0
DA:67,0
DA:68,0
DA:69,0
DA:70,0
DA:71,0
DA:72,0
DA:73,0
DA:74,0
DA:75,0
DA:76,0
LF:60
LH:0
end_of_record
SF:lib/src/features/project/data/datasources/local/project_local_datasource_impl.dart
DA:10,0
DA:12,0
DA:15,0
DA:16,0
DA:18,0
DA:19,0
DA:20,0
DA:24,0
DA:27,0
DA:28,0
DA:32,0
DA:35,0
DA:36,0
DA:38,0
DA:39,0
DA:40,0
DA:44,0
DA:47,0
DA:48,0
DA:52,0
DA:55,0
DA:56,0
DA:58,0
DA:59,0
DA:63,0
DA:66,0
DA:67,0
DA:69,0
DA:70,0
DA:74,0
DA:77,0
DA:78,0
DA:80,0
DA:81,0
DA:85,0
DA:87,0
DA:88,0
DA:90,0
DA:91,0
DA:92,0
DA:96,0
DA:98,0
DA:99,0
LF:43
LH:0
end_of_record
SF:lib/src/features/project/data/models/remote/tasks_api_model.dart
DA:16,0
DA:28,0
DA:29,0
DA:30,0
DA:31,0
DA:32,0
DA:33,0
DA:34,0
DA:35,0
DA:36,0
DA:37,0
DA:38,0
DA:39,0
DA:40,0
DA:41,0
DA:42,0
DA:43,0
DA:44,0
DA:45,0
DA:46,0
DA:47,0
DA:48,0
DA:49,0
DA:50,0
DA:51,0
DA:55,0
DA:56,0
DA:57,0
DA:58,0
DA:59,0
DA:60,0
DA:61,0
DA:62,0
DA:63,0
DA:64,0
DA:65,0
LF:36
LH:0
end_of_record
SF:lib/src/features/project/data/datasources/remote/project_remote_datasource_impl.dart
DA:20,0
DA:22,0
DA:25,0
DA:26,0
DA:27,0
DA:29,0
DA:30,0
DA:31,0
DA:34,0
DA:35,0
DA:36,0
DA:40,0
DA:43,0
DA:44,0
DA:45,0
DA:46,0
DA:47,0
DA:49,0
DA:50,0
DA:51,0
DA:54,0
DA:55,0
DA:59,0
DA:62,0
DA:63,0
DA:64,0
DA:65,0
DA:66,0
DA:68,0
DA:69,0
DA:70,0
DA:73,0
DA:74,0
DA:78,0
DA:81,0
DA:82,0
DA:83,0
DA:84,0
DA:85,0
DA:87,0
DA:88,0
DA:89,0
DA:92,0
DA:93,0
DA:97,0
DA:100,0
DA:101,0
DA:102,0
DA:104,0
DA:105,0
DA:106,0
DA:109,0
DA:110,0
DA:114,0
DA:117,0
DA:118,0
DA:119,0
DA:121,0
DA:122,0
DA:123,0
DA:126,0
DA:127,0
DA:131,0
DA:134,0
DA:135,0
DA:136,0
DA:138,0
DA:139,0
DA:140,0
DA:143,0
DA:144,0
DA:148,0
DA:151,0
DA:152,0
DA:154,0
DA:155,0
DA:156,0
DA:157,0
DA:158,0
DA:160,0
DA:161,0
DA:162,0
DA:165,0
DA:166,0
DA:167,0
DA:171,0
DA:174,0
DA:175,0
DA:176,0
DA:177,0
DA:178,0
DA:179,0
DA:180,0
DA:182,0
DA:183,0
DA:184,0
DA:187,0
DA:188,0
DA:192,0
DA:195,0
DA:196,0
DA:197,0
DA:198,0
DA:199,0
DA:200,0
DA:203,0
DA:204,0
DA:205,0
DA:208,0
DA:209,0
DA:213,0
DA:216,0
DA:217,0
DA:218,0
DA:219,0
DA:220,0
DA:221,0
DA:224,0
DA:225,0
DA:226,0
DA:229,0
DA:230,0
DA:234,0
DA:237,0
DA:238,0
DA:239,0
DA:240,0
DA:241,0
DA:242,0
DA:244,0
DA:245,0
DA:246,0
DA:249,0
DA:250,0
DA:251,0
DA:255,0
DA:258,0
DA:259,0
DA:260,0
DA:261,0
DA:262,0
DA:264,0
DA:265,0
DA:266,0
DA:269,0
DA:270,0
DA:271,0
DA:275,0
DA:278,0
DA:279,0
DA:280,0
DA:282,0
DA:283,0
DA:284,0
DA:287,0
DA:288,0
DA:292,0
DA:295,0
DA:296,0
DA:297,0
DA:299,0
DA:300,0
DA:301,0
DA:304,0
DA:305,0
DA:306,0
DA:310,0
DA:313,0
DA:314,0
DA:315,0
DA:316,0
DA:317,0
DA:318,0
DA:321,0
DA:322,0
DA:323,0
DA:326,0
DA:327,0
DA:331,0
DA:334,0
DA:335,0
DA:336,0
DA:338,0
DA:339,0
DA:340,0
DA:343,0
DA:344,0
DA:348,0
DA:351,0
DA:352,0
DA:353,0
DA:354,0
DA:355,0
DA:356,0
DA:359,0
DA:360,0
DA:361,0
DA:364,0
DA:365,0
DA:366,0
LF:200
LH:0
end_of_record
SF:lib/src/features/project/data/models/mappers/task_mappers.dart
DA:6,0
DA:7,0
DA:8,0
DA:9,0
DA:10,0
DA:11,0
DA:12,0
DA:13,0
DA:14,0
DA:15,0
DA:20,0
DA:21,0
DA:22,0
DA:23,0
DA:24,0
DA:25,0
DA:26,0
DA:27,0
DA:28,0
DA:29,0
LF:20
LH:0
end_of_record
SF:lib/src/features/project/data/repositories/project_remote_repository.dart
DA:33,0
DA:39,0
DA:42,0
DA:44,0
DA:48,0
DA:51,0
DA:54,0
DA:55,0
DA:57,0
DA:60,0
DA:61,0
DA:65,0
DA:68,0
DA:71,0
DA:72,0
DA:74,0
DA:77,0
DA:78,0
DA:82,0
DA:85,0
DA:88,0
DA:89,0
DA:91,0
DA:94,0
DA:95,0
DA:99,0
DA:102,0
DA:103,0
DA:105,0
DA:109,0
DA:112,0
DA:113,0
DA:115,0
DA:119,0
DA:123,0
DA:124,0
DA:126,0
DA:130,0
DA:133,0
DA:134,0
DA:136,0
DA:140,0
DA:143,0
DA:144,0
DA:146,0
DA:150,0
DA:152,0
DA:155,0
DA:156,0
DA:157,0
DA:159,0
DA:161,0
DA:164,0
DA:165,0
DA:169,0
DA:171,0
DA:174,0
DA:175,0
DA:176,0
DA:178,0
DA:180,0
DA:183,0
DA:184,0
DA:188,0
DA:191,0
DA:192,0
DA:194,0
DA:198,0
DA:202,0
DA:204,0
DA:208,0
DA:211,0
DA:212,0
DA:214,0
DA:218,0
DA:222,0
DA:223,0
DA:225,0
DA:229,0
DA:233,0
DA:234,0
DA:236,0
DA:240,0
DA:244,0
DA:245,0
DA:247,0
DA:251,0
DA:256,0
DA:257,0
DA:258,0
DA:260,0
DA:262,0
LF:92
LH:0
end_of_record
SF:lib/src/features/search/data/models/search_api_model.dart
DA:8,0
DA:14,0
DA:15,0
DA:16,0
DA:17,0
DA:18,0
DA:21,0
DA:22,0
DA:23,0
DA:24,0
DA:25,0
DA:29,0
DA:30,0
LF:13
LH:0
end_of_record
SF:lib/src/features/search/data/datasources/local/search_local_datasource_impl.dart
DA:8,0
DA:10,0
DA:12,0
DA:13,0
DA:14,0
DA:18,0
DA:20,0
LF:7
LH:0
end_of_record
SF:lib/src/features/search/data/models/mappers/search_local_mappers.dart
DA:6,0
DA:7,0
DA:8,0
DA:9,0
DA:14,0
DA:15,0
DA:16,0
DA:17,0
DA:22,0
DA:23,0
DA:24,0
DA:25,0
LF:12
LH:0
end_of_record
SF:lib/src/features/search/data/datasources/remote/search_remote_datasource_impl.dart
DA:16,0
DA:18,0
DA:21,0
DA:22,0
DA:25,0
DA:26,0
DA:27,0
DA:30,0
DA:31,0
DA:35,0
DA:38,0
DA:39,0
DA:40,0
DA:41,0
DA:42,0
DA:44,0
DA:45,0
DA:46,0
DA:49,0
DA:50,0
DA:54,0
DA:57,0
DA:58,0
DA:59,0
DA:60,0
DA:61,0
DA:63,0
DA:64,0
DA:65,0
DA:68,0
DA:69,0
DA:73,0
DA:76,0
DA:77,0
DA:78,0
DA:79,0
DA:80,0
DA:81,0
DA:82,0
DA:86,0
DA:87,0
DA:88,0
DA:91,0
DA:92,0
DA:96,0
DA:99,0
DA:100,0
DA:101,0
DA:102,0
DA:103,0
DA:105,0
DA:106,0
DA:107,0
DA:110,0
DA:111,0
LF:55
LH:0
end_of_record
SF:lib/src/features/search/data/models/mappers/search_mappers.dart
DA:5,0
DA:6,0
DA:7,0
DA:8,0
DA:13,0
DA:14,0
DA:15,0
DA:16,0
LF:8
LH:0
end_of_record
SF:lib/src/features/search/data/repositories/search_remote_repository.dart
DA:26,0
DA:30,0
DA:34,0
DA:37,0
DA:41,0
DA:44,0
DA:45,0
DA:47,0
DA:51,0
DA:55,0
DA:56,0
DA:58,0
DA:62,0
DA:64,0
DA:67,0
DA:68,0
DA:70,0
DA:73,0
DA:74,0
DA:78,0
DA:81,0
DA:82,0
DA:84,0
LF:23
LH:0
end_of_record
